                      :-) GROMACS - gmx mdrun, 2020.4 (-:

                            GROMACS is written by:
     Emile Apol      Rossen Apostolov      Paul Bauer     Herman J.C. Berendsen
    Par Bjelkmar      Christian Blau   Viacheslav Bolnykh     Kevin Boyd    
 Aldert van Buuren   Rudi van Drunen     Anton Feenstra       Alan Gray     
  Gerrit Groenhof     Anca Hamuraru    Vincent Hindriksen  M. Eric Irrgang  
  Aleksei Iupinov   Christoph Junghans     Joe Jordan     Dimitrios Karkoulis
    Peter Kasson        Jiri Kraus      Carsten Kutzner      Per Larsson    
  Justin A. Lemkul    Viveca Lindahl    Magnus Lundborg     Erik Marklund   
    Pascal Merz     Pieter Meulenhoff    Teemu Murtola       Szilard Pall   
    Sander Pronk      Roland Schulz      Michael Shirts    Alexey Shvetsov  
   Alfons Sijbers     Peter Tieleman      Jon Vincent      Teemu Virolainen 
 Christian Wennberg    Maarten Wolf      Artem Zhmurov   
                           and the project leaders:
        Mark Abraham, Berk Hess, Erik Lindahl, and David van der Spoel

Copyright (c) 1991-2000, University of Groningen, The Netherlands.
Copyright (c) 2001-2019, The GROMACS development team at
Uppsala University, Stockholm University and
the Royal Institute of Technology, Sweden.
check out http://www.gromacs.org for more information.

GROMACS is free software; you can redistribute it and/or modify it
under the terms of the GNU Lesser General Public License
as published by the Free Software Foundation; either version 2.1
of the License, or (at your option) any later version.

GROMACS:      gmx mdrun, version 2020.4
Executable:   /share/apps/gromacs/2020.4/openmpi/intel/bin/gmx_mpi
Data prefix:  /share/apps/gromacs/2020.4/openmpi/intel
Working dir:  /scratch/work/courses/CHEM-GA-2671-2022fa/ac7407/comp-lab-class/Week3_2
Process ID:   3287693
Command line:
  gmx_mpi mdrun -deffnm npt

GROMACS version:    2020.4
Verified release checksum is 79c2857291b034542c26e90512b92fd4b184a1c9d6fa59c55f2e24ccf14e7281
Precision:          single
Memory model:       64 bit
MPI library:        MPI
OpenMP support:     disabled
GPU support:        disabled
SIMD instructions:  AVX_512
FFT library:        Intel MKL
RDTSCP usage:       enabled
TNG support:        enabled
Hwloc support:      disabled
Tracing support:    disabled
C compiler:         /share/apps/openmpi/4.0.5/intel/bin/mpicc Intel 19.1.2.20200623
C compiler flags:   -xCORE-AVX512 -qopt-zmm-usage=high -mkl=sequential -wd3180 -std=gnu99 -ip -funroll-all-loops -alias-const -ansi-alias -no-prec-div -fimf-domain-exclusion=14 -qoverride-limits -O3 -DNDEBUG
C++ compiler:       /share/apps/openmpi/4.0.5/intel/bin/mpicxx Intel 19.1.2.20200623
C++ compiler flags: -xCORE-AVX512 -qopt-zmm-usage=high -mkl=sequential -wd3180 -ip -funroll-all-loops -alias-const -ansi-alias -no-prec-div -fimf-domain-exclusion=14 -qoverride-limits -O3 -DNDEBUG


Running on 1 node with total 48 cores, 48 logical cores
Hardware detected on host cs111.hpc.nyu.edu (the node of MPI rank 0):
  CPU info:
    Vendor: Intel
    Brand:  Intel(R) Xeon(R) Platinum 8268 CPU @ 2.90GHz
    Family: 6   Model: 85   Stepping: 7
    Features: aes apic avx avx2 avx512f avx512cd avx512bw avx512vl clfsh cmov cx8 cx16 f16c fma htt intel lahf mmx msr nonstop_tsc pcid pclmuldq pdcm pdpe1gb popcnt pse rdrnd rdtscp sse2 sse3 sse4.1 sse4.2 ssse3 tdt x2apic
    Number of AVX-512 FMA units: 2
  Hardware topology: Basic
    Sockets, cores, and logical processors:
      Socket  0: [   0] [   1] [   2] [   3] [   4] [   5] [   6] [   7] [   8] [   9] [  10] [  11] [  12] [  13] [  14] [  15] [  16] [  17] [  18] [  19] [  20] [  21] [  22] [  23]
      Socket  1: [  24] [  25] [  26] [  27] [  28] [  29] [  30] [  31] [  32] [  33] [  34] [  35] [  36] [  37] [  38] [  39] [  40] [  41] [  42] [  43] [  44] [  45] [  46] [  47]


++++ PLEASE READ AND CITE THE FOLLOWING REFERENCE ++++
M. J. Abraham, T. Murtola, R. Schulz, S. Páll, J. C. Smith, B. Hess, E.
Lindahl
GROMACS: High performance molecular simulations through multi-level
parallelism from laptops to supercomputers
SoftwareX 1 (2015) pp. 19-25
-------- -------- --- Thank You --- -------- --------


++++ PLEASE READ AND CITE THE FOLLOWING REFERENCE ++++
S. Páll, M. J. Abraham, C. Kutzner, B. Hess, E. Lindahl
Tackling Exascale Software Challenges in Molecular Dynamics Simulations with
GROMACS
In S. Markidis & E. Laure (Eds.), Solving Software Challenges for Exascale 8759 (2015) pp. 3-27
-------- -------- --- Thank You --- -------- --------


++++ PLEASE READ AND CITE THE FOLLOWING REFERENCE ++++
S. Pronk, S. Páll, R. Schulz, P. Larsson, P. Bjelkmar, R. Apostolov, M. R.
Shirts, J. C. Smith, P. M. Kasson, D. van der Spoel, B. Hess, and E. Lindahl
GROMACS 4.5: a high-throughput and highly parallel open source molecular
simulation toolkit
Bioinformatics 29 (2013) pp. 845-54
-------- -------- --- Thank You --- -------- --------


++++ PLEASE READ AND CITE THE FOLLOWING REFERENCE ++++
B. Hess and C. Kutzner and D. van der Spoel and E. Lindahl
GROMACS 4: Algorithms for highly efficient, load-balanced, and scalable
molecular simulation
J. Chem. Theory Comput. 4 (2008) pp. 435-447
-------- -------- --- Thank You --- -------- --------


++++ PLEASE READ AND CITE THE FOLLOWING REFERENCE ++++
D. van der Spoel, E. Lindahl, B. Hess, G. Groenhof, A. E. Mark and H. J. C.
Berendsen
GROMACS: Fast, Flexible and Free
J. Comp. Chem. 26 (2005) pp. 1701-1719
-------- -------- --- Thank You --- -------- --------


++++ PLEASE READ AND CITE THE FOLLOWING REFERENCE ++++
E. Lindahl and B. Hess and D. van der Spoel
GROMACS 3.0: A package for molecular simulation and trajectory analysis
J. Mol. Mod. 7 (2001) pp. 306-317
-------- -------- --- Thank You --- -------- --------


++++ PLEASE READ AND CITE THE FOLLOWING REFERENCE ++++
H. J. C. Berendsen, D. van der Spoel and R. van Drunen
GROMACS: A message-passing parallel molecular dynamics implementation
Comp. Phys. Comm. 91 (1995) pp. 43-56
-------- -------- --- Thank You --- -------- --------


++++ PLEASE CITE THE DOI FOR THIS VERSION OF GROMACS ++++
https://doi.org/10.5281/zenodo.4054979
-------- -------- --- Thank You --- -------- --------

Input Parameters:
   integrator                     = md
   tinit                          = 0
   dt                             = 0.002
   nsteps                         = 50000
   init-step                      = 0
   simulation-part                = 1
   comm-mode                      = Linear
   nstcomm                        = 100
   bd-fric                        = 0
   ld-seed                        = 1011869163
   emtol                          = 10
   emstep                         = 0.01
   niter                          = 20
   fcstep                         = 0
   nstcgsteep                     = 1000
   nbfgscorr                      = 10
   rtpi                           = 0.05
   nstxout                        = 500
   nstvout                        = 500
   nstfout                        = 0
   nstlog                         = 500
   nstcalcenergy                  = 100
   nstenergy                      = 500
   nstxout-compressed             = 0
   compressed-x-precision         = 1000
   cutoff-scheme                  = Verlet
   nstlist                        = 10
   pbc                            = xyz
   periodic-molecules             = false
   verlet-buffer-tolerance        = 0.005
   rlist                          = 1
   coulombtype                    = PME
   coulomb-modifier               = Potential-shift
   rcoulomb-switch                = 0
   rcoulomb                       = 1
   epsilon-r                      = 1
   epsilon-rf                     = inf
   vdw-type                       = Cut-off
   vdw-modifier                   = Potential-shift
   rvdw-switch                    = 0
   rvdw                           = 1
   DispCorr                       = EnerPres
   table-extension                = 1
   fourierspacing                 = 0.16
   fourier-nx                     = 44
   fourier-ny                     = 44
   fourier-nz                     = 44
   pme-order                      = 4
   ewald-rtol                     = 1e-05
   ewald-rtol-lj                  = 0.001
   lj-pme-comb-rule               = Geometric
   ewald-geometry                 = 0
   epsilon-surface                = 0
   tcoupl                         = V-rescale
   nsttcouple                     = 10
   nh-chain-length                = 0
   print-nose-hoover-chain-variables = false
   pcoupl                         = Parrinello-Rahman
   pcoupltype                     = Isotropic
   nstpcouple                     = 10
   tau-p                          = 2
   compressibility (3x3):
      compressibility[    0]={ 4.50000e-05,  0.00000e+00,  0.00000e+00}
      compressibility[    1]={ 0.00000e+00,  4.50000e-05,  0.00000e+00}
      compressibility[    2]={ 0.00000e+00,  0.00000e+00,  4.50000e-05}
   ref-p (3x3):
      ref-p[    0]={ 1.00000e+00,  0.00000e+00,  0.00000e+00}
      ref-p[    1]={ 0.00000e+00,  1.00000e+00,  0.00000e+00}
      ref-p[    2]={ 0.00000e+00,  0.00000e+00,  1.00000e+00}
   refcoord-scaling               = COM
   posres-com (3):
      posres-com[0]= 4.97391e-01
      posres-com[1]= 5.02219e-01
      posres-com[2]= 4.99725e-01
   posres-comB (3):
      posres-comB[0]= 4.97391e-01
      posres-comB[1]= 5.02219e-01
      posres-comB[2]= 4.99725e-01
   QMMM                           = false
   QMconstraints                  = 0
   QMMMscheme                     = 0
   MMChargeScaleFactor            = 1
qm-opts:
   ngQM                           = 0
   constraint-algorithm           = Lincs
   continuation                   = true
   Shake-SOR                      = false
   shake-tol                      = 0.0001
   lincs-order                    = 4
   lincs-iter                     = 1
   lincs-warnangle                = 30
   nwall                          = 0
   wall-type                      = 9-3
   wall-r-linpot                  = -1
   wall-atomtype[0]               = -1
   wall-atomtype[1]               = -1
   wall-density[0]                = 0
   wall-density[1]                = 0
   wall-ewald-zfac                = 3
   pull                           = false
   awh                            = false
   rotation                       = false
   interactiveMD                  = false
   disre                          = No
   disre-weighting                = Conservative
   disre-mixed                    = false
   dr-fc                          = 1000
   dr-tau                         = 0
   nstdisreout                    = 100
   orire-fc                       = 0
   orire-tau                      = 0
   nstorireout                    = 100
   free-energy                    = no
   cos-acceleration               = 0
   deform (3x3):
      deform[    0]={ 0.00000e+00,  0.00000e+00,  0.00000e+00}
      deform[    1]={ 0.00000e+00,  0.00000e+00,  0.00000e+00}
      deform[    2]={ 0.00000e+00,  0.00000e+00,  0.00000e+00}
   simulated-tempering            = false
   swapcoords                     = no
   userint1                       = 0
   userint2                       = 0
   userint3                       = 0
   userint4                       = 0
   userreal1                      = 0
   userreal2                      = 0
   userreal3                      = 0
   userreal4                      = 0
   applied-forces:
     electric-field:
       x:
         E0                       = 0
         omega                    = 0
         t0                       = 0
         sigma                    = 0
       y:
         E0                       = 0
         omega                    = 0
         t0                       = 0
         sigma                    = 0
       z:
         E0                       = 0
         omega                    = 0
         t0                       = 0
         sigma                    = 0
     density-guided-simulation:
       active                     = false
       group                      = protein
       similarity-measure         = inner-product
       atom-spreading-weight      = unity
       force-constant             = 1e+09
       gaussian-transform-spreading-width = 0.2
       gaussian-transform-spreading-range-in-multiples-of-width = 4
       reference-density-filename = reference.mrc
       nst                        = 1
       normalize-densities        = true
       adaptive-force-scaling     = false
       adaptive-force-scaling-time-constant = 4
grpopts:
   nrdf:     4920.79     63837.2
   ref-t:         300         300
   tau-t:         0.1         0.1
annealing:          No          No
annealing-npoints:           0           0
   acc:	           0           0           0
   nfreeze:           N           N           N
   energygrp-flags[  0]: 0

Changing nstlist from 10 to 50, rlist from 1 to 1.115


Initializing Domain Decomposition on 48 ranks
Dynamic load balancing: auto
Using update groups, nr 11645, average size 2.9 atoms, max. radius 0.103 nm
Minimum cell size due to atom displacement: 0.398 nm
Initial maximum distances in bonded interactions:
    two-body bonded interactions: 0.453 nm, LJ-14, atoms 1156 1405
  multi-body bonded interactions: 0.453 nm, Ryckaert-Bell., atoms 1156 1405
Minimum cell size due to bonded interactions: 0.498 nm
Scaling the initial minimum size with 1/0.8 (option -dds) = 1.25
Guess for relative PME load: 0.23
Will use 36 particle-particle and 12 PME only ranks
This is a guess, check the performance at the end of the log file
Using 12 separate PME ranks, as guessed by mdrun
Optimizing the DD grid for 36 cells with a minimum initial size of 0.622 nm
The maximum allowed number of cells is: X 11 Y 11 Z 11
Domain decomposition grid 4 x 3 x 3, separate PME ranks 12
PME domain decomposition: 4 x 3 x 1
Interleaving PP and PME ranks
This rank does only particle-particle work.
Domain decomposition rank 0, coordinates 0 0 0

The initial number of communication pulses is: X 1 Y 1 Z 1
The initial domain decomposition cell size is: X 1.75 nm Y 2.34 nm Z 2.34 nm

The maximum allowed distance for atom groups involved in interactions is:
                 non-bonded interactions           1.322 nm
(the following are initial values, they could change due to box deformation)
            two-body bonded interactions  (-rdd)   1.322 nm
          multi-body bonded interactions  (-rdd)   1.322 nm

When dynamic load balancing gets turned on, these settings will change to:
The maximum number of communication pulses is: X 1 Y 1 Z 1
The minimum size for domain decomposition cells is 1.322 nm
The requested allowed shrink of DD cells (option -dds) is: 0.80
The allowed shrink of domain decomposition cells is: X 0.75 Y 0.57 Z 0.57
The maximum allowed distance for atom groups involved in interactions is:
                 non-bonded interactions           1.322 nm
            two-body bonded interactions  (-rdd)   1.322 nm
          multi-body bonded interactions  (-rdd)   1.322 nm

Using 48 MPI processes

Non-default thread affinity set, disabling internal thread affinity
System total charge: -0.000
Will do PME sum in reciprocal space for electrostatic interactions.

++++ PLEASE READ AND CITE THE FOLLOWING REFERENCE ++++
U. Essmann, L. Perera, M. L. Berkowitz, T. Darden, H. Lee and L. G. Pedersen 
A smooth particle mesh Ewald method
J. Chem. Phys. 103 (1995) pp. 8577-8592
-------- -------- --- Thank You --- -------- --------

Using a Gaussian width (1/beta) of 0.320163 nm for Ewald
Potential shift: LJ r^-12: -1.000e+00 r^-6: -1.000e+00, Ewald -1.000e-05
Initialized non-bonded Ewald tables, spacing: 9.33e-04 size: 1073

Generated table with 1057 data points for 1-4 COUL.
Tabscale = 500 points/nm
Generated table with 1057 data points for 1-4 LJ6.
Tabscale = 500 points/nm
Generated table with 1057 data points for 1-4 LJ12.
Tabscale = 500 points/nm

Using SIMD 4x8 nonbonded short-range kernels

Using a dual 4x8 pair-list setup updated with dynamic pruning:
  outer list: updated every 50 steps, buffer 0.115 nm, rlist 1.115 nm
  inner list: updated every 12 steps, buffer 0.002 nm, rlist 1.002 nm
At tolerance 0.005 kJ/mol/ps per atom, equivalent classical 1x1 list would be:
  outer list: updated every 50 steps, buffer 0.243 nm, rlist 1.243 nm
  inner list: updated every 12 steps, buffer 0.047 nm, rlist 1.047 nm

Using geometric Lennard-Jones combination rule

Long Range LJ corr.: <C6> 3.1923e-04


Initializing LINear Constraint Solver

++++ PLEASE READ AND CITE THE FOLLOWING REFERENCE ++++
B. Hess and H. Bekker and H. J. C. Berendsen and J. G. E. M. Fraaije
LINCS: A Linear Constraint Solver for molecular simulations
J. Comp. Chem. 18 (1997) pp. 1463-1472
-------- -------- --- Thank You --- -------- --------

The number of constraints is 959

++++ PLEASE READ AND CITE THE FOLLOWING REFERENCE ++++
S. Miyamoto and P. A. Kollman
SETTLE: An Analytical Version of the SHAKE and RATTLE Algorithms for Rigid
Water Models
J. Comp. Chem. 13 (1992) pp. 952-962
-------- -------- --- Thank You --- -------- --------


Linking all bonded interactions to atoms

Intra-simulation communication will occur every 10 steps.

++++ PLEASE READ AND CITE THE FOLLOWING REFERENCE ++++
G. Bussi, D. Donadio and M. Parrinello
Canonical sampling through velocity rescaling
J. Chem. Phys. 126 (2007) pp. 014101
-------- -------- --- Thank You --- -------- --------

There are: 33876 Atoms
Atom distribution over 36 domains: av 941 stddev 30 min 882 max 1035
Center of mass motion removal mode is Linear
We have the following groups for center of mass motion removal:
  0:  rest

Started mdrun on rank 0 Tue Oct 11 20:41:19 2022

           Step           Time
              0        0.00000

   Energies (kJ/mol)
           Bond          Angle    Proper Dih. Ryckaert-Bell.          LJ-14
    1.51890e+03    3.78637e+03    2.26474e+02    1.89698e+03    2.66578e+03
     Coulomb-14        LJ (SR)  Disper. corr.   Coulomb (SR)   Coul. recip.
    7.63850e+03    9.07660e+04   -4.44920e+03   -6.29920e+05    3.03297e+03
 Position Rest.      Potential    Kinetic En.   Total Energy  Conserved En.
    1.25144e-01   -5.22837e+05    8.62210e+04   -4.36616e+05   -4.36595e+05
    Temperature Pres. DC (bar) Pressure (bar)   Constr. rmsd
    3.01638e+02   -2.14729e+02   -6.22808e+02    2.71700e-06


DD  step 49 load imb.: force 15.1%  pme mesh/force 1.343

step 150 Turning on dynamic load balancing, because the performance loss due to load imbalance is 7.9 %.

DD  step 499  vol min/aver 0.686  load imb.: force 43.0%  pme mesh/force 1.916
           Step           Time
            500        1.00000

   Energies (kJ/mol)
           Bond          Angle    Proper Dih. Ryckaert-Bell.          LJ-14
    1.47614e+03    3.65330e+03    2.71543e+02    1.82822e+03    2.63596e+03
     Coulomb-14        LJ (SR)  Disper. corr.   Coulomb (SR)   Coul. recip.
    7.78559e+03    9.39665e+04   -4.57203e+03   -6.35998e+05    2.91351e+03
 Position Rest.      Potential    Kinetic En.   Total Energy  Conserved En.
    4.25004e+02   -5.25614e+05    8.67227e+04   -4.38891e+05   -4.36588e+05
    Temperature Pres. DC (bar) Pressure (bar)   Constr. rmsd
    3.03393e+02   -2.26733e+02    4.05571e+01    3.02441e-06


DD  step 999  vol min/aver 0.646  load imb.: force  5.1%  pme mesh/force 0.938

step 1000 Turning off dynamic load balancing, because it is degrading performance.
Atom distribution over 36 domains: av 941 stddev 28 min 897 max 1017
           Step           Time
           1000        2.00000

   Energies (kJ/mol)
           Bond          Angle    Proper Dih. Ryckaert-Bell.          LJ-14
    1.40197e+03    3.77437e+03    2.30965e+02    1.80915e+03    2.70236e+03
     Coulomb-14        LJ (SR)  Disper. corr.   Coulomb (SR)   Coul. recip.
    7.78410e+03    9.34084e+04   -4.54245e+03   -6.34106e+05    2.87463e+03
 Position Rest.      Potential    Kinetic En.   Total Energy  Conserved En.
    4.55690e+02   -5.24207e+05    8.52407e+04   -4.38966e+05   -4.36555e+05
    Temperature Pres. DC (bar) Pressure (bar)   Constr. rmsd
    2.98208e+02   -2.23812e+02   -1.03099e+02    2.80979e-06


DD  step 1499 load imb.: force 14.4%  pme mesh/force 0.937
           Step           Time
           1500        3.00000

   Energies (kJ/mol)
           Bond          Angle    Proper Dih. Ryckaert-Bell.          LJ-14
    1.52686e+03    3.73110e+03    2.54838e+02    1.79214e+03    2.64584e+03
     Coulomb-14        LJ (SR)  Disper. corr.   Coulomb (SR)   Coul. recip.
    7.63698e+03    9.39071e+04   -4.54710e+03   -6.34039e+05    2.97647e+03
 Position Rest.      Potential    Kinetic En.   Total Energy  Conserved En.
    4.38042e+02   -5.23677e+05    8.50615e+04   -4.38615e+05   -4.36561e+05
    Temperature Pres. DC (bar) Pressure (bar)   Constr. rmsd
    2.97581e+02   -2.24270e+02    1.28685e+02    3.00960e-06


DD  step 1999 load imb.: force 16.5%  pme mesh/force 0.933
           Step           Time
           2000        4.00000

   Energies (kJ/mol)
           Bond          Angle    Proper Dih. Ryckaert-Bell.          LJ-14
    1.47615e+03    3.64710e+03    2.61907e+02    1.82617e+03    2.69218e+03
     Coulomb-14        LJ (SR)  Disper. corr.   Coulomb (SR)   Coul. recip.
    7.84219e+03    9.40020e+04   -4.56528e+03   -6.36117e+05    2.88744e+03
 Position Rest.      Potential    Kinetic En.   Total Energy  Conserved En.
    4.62742e+02   -5.25584e+05    8.54734e+04   -4.40111e+05   -4.36564e+05
    Temperature Pres. DC (bar) Pressure (bar)   Constr. rmsd
    2.99022e+02   -2.26065e+02   -5.36124e+01    2.70072e-06


DD  step 2499 load imb.: force 12.7%  pme mesh/force 0.928
           Step           Time
           2500        5.00000

   Energies (kJ/mol)
           Bond          Angle    Proper Dih. Ryckaert-Bell.          LJ-14
    1.52398e+03    3.62631e+03    1.94091e+02    1.77303e+03    2.69721e+03
     Coulomb-14        LJ (SR)  Disper. corr.   Coulomb (SR)   Coul. recip.
    7.77519e+03    9.42363e+04   -4.56357e+03   -6.34998e+05    2.87210e+03
 Position Rest.      Potential    Kinetic En.   Total Energy  Conserved En.
    4.53286e+02   -5.24410e+05    8.51676e+04   -4.39242e+05   -4.36562e+05
    Temperature Pres. DC (bar) Pressure (bar)   Constr. rmsd
    2.97952e+02   -2.25895e+02    1.26984e+02    2.74578e-06


DD  step 2999 load imb.: force 13.4%  pme mesh/force 0.907
           Step           Time
           3000        6.00000

   Energies (kJ/mol)
           Bond          Angle    Proper Dih. Ryckaert-Bell.          LJ-14
    1.51878e+03    3.46440e+03    2.45360e+02    1.84106e+03    2.70638e+03
     Coulomb-14        LJ (SR)  Disper. corr.   Coulomb (SR)   Coul. recip.
    7.81162e+03    9.46330e+04   -4.55747e+03   -6.35860e+05    2.96023e+03
 Position Rest.      Potential    Kinetic En.   Total Energy  Conserved En.
    4.29695e+02   -5.24807e+05    8.56577e+04   -4.39150e+05   -4.36569e+05
    Temperature Pres. DC (bar) Pressure (bar)   Constr. rmsd
    2.99667e+02   -2.25293e+02    1.44667e+02    2.90697e-06


DD  step 3499 load imb.: force 13.1%  pme mesh/force 0.922
           Step           Time
           3500        7.00000

   Energies (kJ/mol)
           Bond          Angle    Proper Dih. Ryckaert-Bell.          LJ-14
    1.48205e+03    3.68413e+03    2.33269e+02    1.83326e+03    2.70434e+03
     Coulomb-14        LJ (SR)  Disper. corr.   Coulomb (SR)   Coul. recip.
    7.85439e+03    9.36724e+04   -4.55709e+03   -6.35008e+05    2.92440e+03
 Position Rest.      Potential    Kinetic En.   Total Energy  Conserved En.
    4.38943e+02   -5.24738e+05    8.60812e+04   -4.38656e+05   -4.36560e+05
    Temperature Pres. DC (bar) Pressure (bar)   Constr. rmsd
    3.01149e+02   -2.25256e+02    2.02549e+01    2.63580e-06


DD  step 3999 load imb.: force 13.4%  pme mesh/force 0.913
           Step           Time
           4000        8.00000

   Energies (kJ/mol)
           Bond          Angle    Proper Dih. Ryckaert-Bell.          LJ-14
    1.40529e+03    3.69694e+03    2.65539e+02    1.77539e+03    2.70760e+03
     Coulomb-14        LJ (SR)  Disper. corr.   Coulomb (SR)   Coul. recip.
    7.80984e+03    9.52004e+04   -4.56216e+03   -6.36451e+05    2.92271e+03
 Position Rest.      Potential    Kinetic En.   Total Energy  Conserved En.
    4.37716e+02   -5.24791e+05    8.60163e+04   -4.38775e+05   -4.36557e+05
    Temperature Pres. DC (bar) Pressure (bar)   Constr. rmsd
    3.00922e+02   -2.25757e+02    3.16711e+02    3.07490e-06


DD  step 4499 load imb.: force 12.3%  pme mesh/force 0.921
           Step           Time
           4500        9.00000

   Energies (kJ/mol)
           Bond          Angle    Proper Dih. Ryckaert-Bell.          LJ-14
    1.45992e+03    3.72782e+03    2.73364e+02    1.85320e+03    2.64592e+03
     Coulomb-14        LJ (SR)  Disper. corr.   Coulomb (SR)   Coul. recip.
    7.69079e+03    9.20875e+04   -4.56724e+03   -6.33006e+05    2.85218e+03
 Position Rest.      Potential    Kinetic En.   Total Energy  Conserved En.
    4.48699e+02   -5.24534e+05    8.63991e+04   -4.38135e+05   -4.36566e+05
    Temperature Pres. DC (bar) Pressure (bar)   Constr. rmsd
    3.02261e+02   -2.26259e+02   -2.90629e+02    2.64392e-06


DD  step 4999 load imb.: force 12.7%  pme mesh/force 0.931
           Step           Time
           5000       10.00000

   Energies (kJ/mol)
           Bond          Angle    Proper Dih. Ryckaert-Bell.          LJ-14
    1.42915e+03    3.69315e+03    2.19437e+02    1.82300e+03    2.62587e+03
     Coulomb-14        LJ (SR)  Disper. corr.   Coulomb (SR)   Coul. recip.
    7.67625e+03    9.31594e+04   -4.56191e+03   -6.34444e+05    2.96421e+03
 Position Rest.      Potential    Kinetic En.   Total Energy  Conserved En.
    4.69978e+02   -5.24945e+05    8.48701e+04   -4.40075e+05   -4.36535e+05
    Temperature Pres. DC (bar) Pressure (bar)   Constr. rmsd
    2.96912e+02   -2.25732e+02   -1.16759e+02    2.61874e-06


DD  step 5499 load imb.: force 13.5%  pme mesh/force 0.930
           Step           Time
           5500       11.00000

   Energies (kJ/mol)
           Bond          Angle    Proper Dih. Ryckaert-Bell.          LJ-14
    1.50329e+03    3.61074e+03    2.50750e+02    1.88272e+03    2.62602e+03
     Coulomb-14        LJ (SR)  Disper. corr.   Coulomb (SR)   Coul. recip.
    7.71824e+03    9.29341e+04   -4.54685e+03   -6.33555e+05    2.95691e+03
 Position Rest.      Potential    Kinetic En.   Total Energy  Conserved En.
    4.56664e+02   -5.24163e+05    8.54675e+04   -4.38695e+05   -4.36561e+05
    Temperature Pres. DC (bar) Pressure (bar)   Constr. rmsd
    2.99002e+02   -2.24245e+02   -1.41666e+02    2.54223e-06


DD  step 5999 load imb.: force 13.9%  pme mesh/force 0.911
           Step           Time
           6000       12.00000

   Energies (kJ/mol)
           Bond          Angle    Proper Dih. Ryckaert-Bell.          LJ-14
    1.46056e+03    3.54567e+03    2.31870e+02    1.74092e+03    2.70545e+03
     Coulomb-14        LJ (SR)  Disper. corr.   Coulomb (SR)   Coul. recip.
    7.79312e+03    9.31500e+04   -4.55886e+03   -6.33279e+05    2.94426e+03
 Position Rest.      Potential    Kinetic En.   Total Energy  Conserved En.
    4.72362e+02   -5.23794e+05    8.49763e+04   -4.38818e+05   -4.36543e+05
    Temperature Pres. DC (bar) Pressure (bar)   Constr. rmsd
    2.97283e+02   -2.25430e+02   -7.90181e+01    2.74395e-06


DD  step 6499 load imb.: force 13.8%  pme mesh/force 0.933
           Step           Time
           6500       13.00000

   Energies (kJ/mol)
           Bond          Angle    Proper Dih. Ryckaert-Bell.          LJ-14
    1.47234e+03    3.47092e+03    2.59636e+02    1.88638e+03    2.68774e+03
     Coulomb-14        LJ (SR)  Disper. corr.   Coulomb (SR)   Coul. recip.
    7.75755e+03    9.37045e+04   -4.56850e+03   -6.35831e+05    2.91417e+03
 Position Rest.      Potential    Kinetic En.   Total Energy  Conserved En.
    5.21875e+02   -5.25725e+05    8.57505e+04   -4.39974e+05   -4.36538e+05
    Temperature Pres. DC (bar) Pressure (bar)   Constr. rmsd
    2.99992e+02   -2.26383e+02   -1.17349e+01    2.80480e-06


DD  step 6999 load imb.: force 14.1%  pme mesh/force 0.924
           Step           Time
           7000       14.00000

   Energies (kJ/mol)
           Bond          Angle    Proper Dih. Ryckaert-Bell.          LJ-14
    1.52310e+03    3.77758e+03    2.42028e+02    1.82367e+03    2.62590e+03
     Coulomb-14        LJ (SR)  Disper. corr.   Coulomb (SR)   Coul. recip.
    7.75634e+03    9.34419e+04   -4.56023e+03   -6.34354e+05    2.94381e+03
 Position Rest.      Potential    Kinetic En.   Total Energy  Conserved En.
    4.66273e+02   -5.24314e+05    8.56855e+04   -4.38628e+05   -4.36526e+05
    Temperature Pres. DC (bar) Pressure (bar)   Constr. rmsd
    2.99764e+02   -2.25566e+02   -3.95690e+01    3.01465e-06


DD  step 7499 load imb.: force 13.2%  pme mesh/force 0.915
           Step           Time
           7500       15.00000

   Energies (kJ/mol)
           Bond          Angle    Proper Dih. Ryckaert-Bell.          LJ-14
    1.56430e+03    3.80372e+03    2.49033e+02    1.77178e+03    2.68422e+03
     Coulomb-14        LJ (SR)  Disper. corr.   Coulomb (SR)   Coul. recip.
    7.72128e+03    9.33909e+04   -4.56732e+03   -6.34221e+05    2.95104e+03
 Position Rest.      Potential    Kinetic En.   Total Energy  Conserved En.
    4.72623e+02   -5.24180e+05    8.61026e+04   -4.38077e+05   -4.36530e+05
    Temperature Pres. DC (bar) Pressure (bar)   Constr. rmsd
    3.01223e+02   -2.26267e+02   -6.94943e+01    2.73119e-06


DD  step 7999 load imb.: force 12.4%  pme mesh/force 0.932
           Step           Time
           8000       16.00000

   Energies (kJ/mol)
           Bond          Angle    Proper Dih. Ryckaert-Bell.          LJ-14
    1.42219e+03    3.48221e+03    2.42944e+02    1.76806e+03    2.71519e+03
     Coulomb-14        LJ (SR)  Disper. corr.   Coulomb (SR)   Coul. recip.
    7.88726e+03    9.48754e+04   -4.54646e+03   -6.35790e+05    3.01651e+03
 Position Rest.      Potential    Kinetic En.   Total Energy  Conserved En.
    4.51332e+02   -5.24475e+05    8.59662e+04   -4.38509e+05   -4.36545e+05
    Temperature Pres. DC (bar) Pressure (bar)   Constr. rmsd
    3.00746e+02   -2.24207e+02    1.53388e+02    2.72161e-06


DD  step 8499 load imb.: force 14.2%  pme mesh/force 0.919
           Step           Time
           8500       17.00000

   Energies (kJ/mol)
           Bond          Angle    Proper Dih. Ryckaert-Bell.          LJ-14
    1.46147e+03    3.57153e+03    2.31718e+02    1.71829e+03    2.68574e+03
     Coulomb-14        LJ (SR)  Disper. corr.   Coulomb (SR)   Coul. recip.
    7.83131e+03    9.34679e+04   -4.55506e+03   -6.34539e+05    2.93299e+03
 Position Rest.      Potential    Kinetic En.   Total Energy  Conserved En.
    4.77802e+02   -5.24715e+05    8.53440e+04   -4.39371e+05   -4.36538e+05
    Temperature Pres. DC (bar) Pressure (bar)   Constr. rmsd
    2.98570e+02   -2.25055e+02   -3.98786e+01    2.79061e-06


DD  step 8999 load imb.: force 13.8%  pme mesh/force 0.922
           Step           Time
           9000       18.00000

   Energies (kJ/mol)
           Bond          Angle    Proper Dih. Ryckaert-Bell.          LJ-14
    1.44934e+03    3.80686e+03    3.06571e+02    1.74672e+03    2.75447e+03
     Coulomb-14        LJ (SR)  Disper. corr.   Coulomb (SR)   Coul. recip.
    7.79109e+03    9.28523e+04   -4.55482e+03   -6.33433e+05    2.85595e+03
 Position Rest.      Potential    Kinetic En.   Total Energy  Conserved En.
    4.66019e+02   -5.23959e+05    8.49992e+04   -4.38960e+05   -4.36517e+05
    Temperature Pres. DC (bar) Pressure (bar)   Constr. rmsd
    2.97363e+02   -2.25031e+02   -3.81015e+01    3.18011e-06


DD  step 9499 load imb.: force 16.6%  pme mesh/force 0.956
           Step           Time
           9500       19.00000

   Energies (kJ/mol)
           Bond          Angle    Proper Dih. Ryckaert-Bell.          LJ-14
    1.45588e+03    3.86518e+03    2.41957e+02    1.77690e+03    2.69123e+03
     Coulomb-14        LJ (SR)  Disper. corr.   Coulomb (SR)   Coul. recip.
    7.77394e+03    9.45366e+04   -4.55950e+03   -6.35310e+05    2.94629e+03
 Position Rest.      Potential    Kinetic En.   Total Energy  Conserved En.
    4.48456e+02   -5.24133e+05    8.57261e+04   -4.38407e+05   -4.36512e+05
    Temperature Pres. DC (bar) Pressure (bar)   Constr. rmsd
    2.99906e+02   -2.25494e+02    2.08599e+02    2.86487e-06


DD  step 9999 load imb.: force 13.0%  pme mesh/force 0.927

step 10000 Turning on dynamic load balancing, because the performance loss due to load imbalance is 19.9 %.
           Step           Time
          10000       20.00000

   Energies (kJ/mol)
           Bond          Angle    Proper Dih. Ryckaert-Bell.          LJ-14
    1.43157e+03    3.65988e+03    2.27776e+02    1.80167e+03    2.67308e+03
     Coulomb-14        LJ (SR)  Disper. corr.   Coulomb (SR)   Coul. recip.
    7.74792e+03    9.39990e+04   -4.54997e+03   -6.35471e+05    2.98364e+03
 Position Rest.      Potential    Kinetic En.   Total Energy  Conserved En.
    4.47974e+02   -5.25048e+05    8.50194e+04   -4.40029e+05   -4.36523e+05
    Temperature Pres. DC (bar) Pressure (bar)   Constr. rmsd
    2.97434e+02   -2.24553e+02    3.52778e+01    2.61653e-06


DD  step 10499  vol min/aver 0.660  load imb.: force  4.0%  pme mesh/force 0.972
           Step           Time
          10500       21.00000

   Energies (kJ/mol)
           Bond          Angle    Proper Dih. Ryckaert-Bell.          LJ-14
    1.55972e+03    3.84859e+03    2.56204e+02    1.76564e+03    2.60119e+03
     Coulomb-14        LJ (SR)  Disper. corr.   Coulomb (SR)   Coul. recip.
    7.80424e+03    9.50854e+04   -4.55012e+03   -6.36044e+05    2.87804e+03
 Position Rest.      Potential    Kinetic En.   Total Energy  Conserved En.
    4.36349e+02   -5.24359e+05    8.64422e+04   -4.37917e+05   -4.36501e+05
    Temperature Pres. DC (bar) Pressure (bar)   Constr. rmsd
    3.02412e+02   -2.24568e+02    1.40299e+02    3.09957e-06


DD  step 10999  vol min/aver 0.648  load imb.: force  4.0%  pme mesh/force 0.955
           Step           Time
          11000       22.00000

   Energies (kJ/mol)
           Bond          Angle    Proper Dih. Ryckaert-Bell.          LJ-14
    1.40723e+03    3.77840e+03    2.10876e+02    1.72904e+03    2.69946e+03
     Coulomb-14        LJ (SR)  Disper. corr.   Coulomb (SR)   Coul. recip.
    7.78716e+03    9.36751e+04   -4.53557e+03   -6.33499e+05    2.87155e+03
 Position Rest.      Potential    Kinetic En.   Total Energy  Conserved En.
    5.66883e+02   -5.23309e+05    8.57948e+04   -4.37514e+05   -4.36510e+05
    Temperature Pres. DC (bar) Pressure (bar)   Constr. rmsd
    3.00147e+02   -2.23136e+02   -3.36194e+01    3.17007e-06


DD  step 11499  vol min/aver 0.644  load imb.: force  3.1%  pme mesh/force 0.933
           Step           Time
          11500       23.00000

   Energies (kJ/mol)
           Bond          Angle    Proper Dih. Ryckaert-Bell.          LJ-14
    1.46889e+03    3.61765e+03    2.28730e+02    1.83950e+03    2.74687e+03
     Coulomb-14        LJ (SR)  Disper. corr.   Coulomb (SR)   Coul. recip.
    7.79742e+03    9.28944e+04   -4.56640e+03   -6.33842e+05    2.95340e+03
 Position Rest.      Potential    Kinetic En.   Total Energy  Conserved En.
    5.19565e+02   -5.24342e+05    8.66070e+04   -4.37735e+05   -4.36514e+05
    Temperature Pres. DC (bar) Pressure (bar)   Constr. rmsd
    3.02988e+02   -2.26176e+02   -3.40565e+01    2.95070e-06


DD  step 11999  vol min/aver 0.659  load imb.: force  2.3%  pme mesh/force 0.941
           Step           Time
          12000       24.00000

   Energies (kJ/mol)
           Bond          Angle    Proper Dih. Ryckaert-Bell.          LJ-14
    1.40092e+03    3.58652e+03    2.71520e+02    1.81255e+03    2.74309e+03
     Coulomb-14        LJ (SR)  Disper. corr.   Coulomb (SR)   Coul. recip.
    7.74232e+03    9.35338e+04   -4.54818e+03   -6.33328e+05    2.92347e+03
 Position Rest.      Potential    Kinetic En.   Total Energy  Conserved En.
    4.86751e+02   -5.23375e+05    8.59138e+04   -4.37461e+05   -4.36507e+05
    Temperature Pres. DC (bar) Pressure (bar)   Constr. rmsd
    3.00563e+02   -2.24377e+02    1.23396e+02    2.76899e-06


DD  step 12499  vol min/aver 0.649  load imb.: force  3.4%  pme mesh/force 0.936
           Step           Time
          12500       25.00000

   Energies (kJ/mol)
           Bond          Angle    Proper Dih. Ryckaert-Bell.          LJ-14
    1.33662e+03    3.70188e+03    2.25631e+02    1.87864e+03    2.67357e+03
     Coulomb-14        LJ (SR)  Disper. corr.   Coulomb (SR)   Coul. recip.
    7.72914e+03    9.35779e+04   -4.55428e+03   -6.35261e+05    2.91516e+03
 Position Rest.      Potential    Kinetic En.   Total Energy  Conserved En.
    4.11169e+02   -5.25366e+05    8.57102e+04   -4.39656e+05   -4.36516e+05
    Temperature Pres. DC (bar) Pressure (bar)   Constr. rmsd
    2.99851e+02   -2.24978e+02    5.62281e+01    2.57072e-06


DD  step 12999  vol min/aver 0.596  load imb.: force  6.6%  pme mesh/force 0.926
           Step           Time
          13000       26.00000

   Energies (kJ/mol)
           Bond          Angle    Proper Dih. Ryckaert-Bell.          LJ-14
    1.29119e+03    3.77595e+03    2.31405e+02    1.78970e+03    2.72140e+03
     Coulomb-14        LJ (SR)  Disper. corr.   Coulomb (SR)   Coul. recip.
    7.72319e+03    9.26871e+04   -4.57179e+03   -6.34364e+05    2.90648e+03
 Position Rest.      Potential    Kinetic En.   Total Energy  Conserved En.
    4.37402e+02   -5.25371e+05    8.59777e+04   -4.39394e+05   -4.36505e+05
    Temperature Pres. DC (bar) Pressure (bar)   Constr. rmsd
    3.00787e+02   -2.26710e+02    1.79084e+01    3.14552e-06


DD  step 13499  vol min/aver 0.673  load imb.: force  4.1%  pme mesh/force 0.942
           Step           Time
          13500       27.00000

   Energies (kJ/mol)
           Bond          Angle    Proper Dih. Ryckaert-Bell.          LJ-14
    1.49488e+03    3.59854e+03    2.43483e+02    1.84989e+03    2.67456e+03
     Coulomb-14        LJ (SR)  Disper. corr.   Coulomb (SR)   Coul. recip.
    7.81378e+03    9.25615e+04   -4.54507e+03   -6.34035e+05    2.96761e+03
 Position Rest.      Potential    Kinetic En.   Total Energy  Conserved En.
    4.60958e+02   -5.24915e+05    8.54529e+04   -4.39462e+05   -4.36495e+05
    Temperature Pres. DC (bar) Pressure (bar)   Constr. rmsd
    2.98951e+02   -2.24070e+02   -2.71630e+02    3.07699e-06


DD  step 13999  vol min/aver 0.636  load imb.: force  4.0%  pme mesh/force 0.945
           Step           Time
          14000       28.00000

   Energies (kJ/mol)
           Bond          Angle    Proper Dih. Ryckaert-Bell.          LJ-14
    1.55658e+03    3.58899e+03    1.90263e+02    1.66066e+03    2.61215e+03
     Coulomb-14        LJ (SR)  Disper. corr.   Coulomb (SR)   Coul. recip.
    7.68938e+03    9.38283e+04   -4.54768e+03   -6.34887e+05    2.86250e+03
 Position Rest.      Potential    Kinetic En.   Total Energy  Conserved En.
    4.67556e+02   -5.24979e+05    8.49461e+04   -4.40033e+05   -4.36495e+05
    Temperature Pres. DC (bar) Pressure (bar)   Constr. rmsd
    2.97177e+02   -2.24328e+02   -3.62753e+01    2.84024e-06


DD  step 14499  vol min/aver 0.677  load imb.: force  6.7%  pme mesh/force 0.908
           Step           Time
          14500       29.00000

   Energies (kJ/mol)
           Bond          Angle    Proper Dih. Ryckaert-Bell.          LJ-14
    1.40368e+03    3.61163e+03    2.33985e+02    1.88344e+03    2.70431e+03
     Coulomb-14        LJ (SR)  Disper. corr.   Coulomb (SR)   Coul. recip.
    7.71933e+03    9.44732e+04   -4.56804e+03   -6.35919e+05    3.02024e+03
 Position Rest.      Potential    Kinetic En.   Total Energy  Conserved En.
    4.62250e+02   -5.24975e+05    8.53070e+04   -4.39668e+05   -4.36500e+05
    Temperature Pres. DC (bar) Pressure (bar)   Constr. rmsd
    2.98440e+02   -2.26338e+02    1.21172e+02    3.27379e-06


DD  step 14999  vol min/aver 0.659  load imb.: force  3.9%  pme mesh/force 0.938
           Step           Time
          15000       30.00000

   Energies (kJ/mol)
           Bond          Angle    Proper Dih. Ryckaert-Bell.          LJ-14
    1.48934e+03    3.80446e+03    2.14280e+02    1.82135e+03    2.65885e+03
     Coulomb-14        LJ (SR)  Disper. corr.   Coulomb (SR)   Coul. recip.
    7.70827e+03    9.35978e+04   -4.56856e+03   -6.34399e+05    3.05030e+03
 Position Rest.      Potential    Kinetic En.   Total Energy  Conserved En.
    4.62489e+02   -5.24161e+05    8.52832e+04   -4.38878e+05   -4.36474e+05
    Temperature Pres. DC (bar) Pressure (bar)   Constr. rmsd
    2.98357e+02   -2.26389e+02    9.07946e+01    2.81543e-06


DD  step 15499  vol min/aver 0.625  load imb.: force  6.1%  pme mesh/force 0.974
           Step           Time
          15500       31.00000

   Energies (kJ/mol)
           Bond          Angle    Proper Dih. Ryckaert-Bell.          LJ-14
    1.46754e+03    3.77767e+03    2.32356e+02    1.80177e+03    2.75189e+03
     Coulomb-14        LJ (SR)  Disper. corr.   Coulomb (SR)   Coul. recip.
    7.74153e+03    9.38010e+04   -4.56945e+03   -6.33963e+05    2.92366e+03
 Position Rest.      Potential    Kinetic En.   Total Energy  Conserved En.
    4.44802e+02   -5.23590e+05    8.57801e+04   -4.37810e+05   -4.36489e+05
    Temperature Pres. DC (bar) Pressure (bar)   Constr. rmsd
    3.00095e+02   -2.26477e+02    1.81681e+02    2.93127e-06


DD  step 15999  vol min/aver 0.595  load imb.: force  6.4%  pme mesh/force 0.964

step 16000 Turning off dynamic load balancing, because it is degrading performance.
Atom distribution over 36 domains: av 941 stddev 25 min 909 max 1042
           Step           Time
          16000       32.00000

   Energies (kJ/mol)
           Bond          Angle    Proper Dih. Ryckaert-Bell.          LJ-14
    1.45707e+03    3.70899e+03    2.38795e+02    1.80569e+03    2.69621e+03
     Coulomb-14        LJ (SR)  Disper. corr.   Coulomb (SR)   Coul. recip.
    7.79873e+03    9.48734e+04   -4.55596e+03   -6.37085e+05    2.98526e+03
 Position Rest.      Potential    Kinetic En.   Total Energy  Conserved En.
    4.50796e+02   -5.25626e+05    8.55048e+04   -4.40121e+05   -4.36470e+05
    Temperature Pres. DC (bar) Pressure (bar)   Constr. rmsd
    2.99132e+02   -2.25144e+02    1.20294e+02    2.72085e-06


DD  step 16499 load imb.: force 19.7%  pme mesh/force 0.953
           Step           Time
          16500       33.00000

   Energies (kJ/mol)
           Bond          Angle    Proper Dih. Ryckaert-Bell.          LJ-14
    1.39638e+03    3.51882e+03    2.52450e+02    1.85895e+03    2.67327e+03
     Coulomb-14        LJ (SR)  Disper. corr.   Coulomb (SR)   Coul. recip.
    7.70132e+03    9.31804e+04   -4.56272e+03   -6.33742e+05    2.96415e+03
 Position Rest.      Potential    Kinetic En.   Total Energy  Conserved En.
    4.59778e+02   -5.24299e+05    8.53389e+04   -4.38960e+05   -4.36495e+05
    Temperature Pres. DC (bar) Pressure (bar)   Constr. rmsd
    2.98552e+02   -2.25812e+02   -3.19037e+01    2.75700e-06


DD  step 16999 load imb.: force 13.2%  pme mesh/force 0.922
           Step           Time
          17000       34.00000

   Energies (kJ/mol)
           Bond          Angle    Proper Dih. Ryckaert-Bell.          LJ-14
    1.32522e+03    3.80524e+03    2.59369e+02    1.84757e+03    2.75315e+03
     Coulomb-14        LJ (SR)  Disper. corr.   Coulomb (SR)   Coul. recip.
    7.81942e+03    9.28330e+04   -4.54729e+03   -6.33048e+05    2.86268e+03
 Position Rest.      Potential    Kinetic En.   Total Energy  Conserved En.
    4.42816e+02   -5.23647e+05    8.56790e+04   -4.37968e+05   -4.36483e+05
    Temperature Pres. DC (bar) Pressure (bar)   Constr. rmsd
    2.99742e+02   -2.24289e+02   -8.02642e+01    2.89997e-06


DD  step 17499 load imb.: force 11.4%  pme mesh/force 0.923
           Step           Time
          17500       35.00000

   Energies (kJ/mol)
           Bond          Angle    Proper Dih. Ryckaert-Bell.          LJ-14
    1.45865e+03    3.84774e+03    2.46776e+02    1.84778e+03    2.71729e+03
     Coulomb-14        LJ (SR)  Disper. corr.   Coulomb (SR)   Coul. recip.
    7.71193e+03    9.30184e+04   -4.57327e+03   -6.32807e+05    2.95694e+03
 Position Rest.      Potential    Kinetic En.   Total Energy  Conserved En.
    5.03934e+02   -5.23071e+05    8.63301e+04   -4.36741e+05   -4.36481e+05
    Temperature Pres. DC (bar) Pressure (bar)   Constr. rmsd
    3.02019e+02   -2.26856e+02    1.41525e+02    2.94926e-06


DD  step 17999 load imb.: force 13.0%  pme mesh/force 0.930
           Step           Time
          18000       36.00000

   Energies (kJ/mol)
           Bond          Angle    Proper Dih. Ryckaert-Bell.          LJ-14
    1.36853e+03    3.77269e+03    2.90824e+02    1.82053e+03    2.69435e+03
     Coulomb-14        LJ (SR)  Disper. corr.   Coulomb (SR)   Coul. recip.
    7.87634e+03    9.47844e+04   -4.56438e+03   -6.36088e+05    2.96730e+03
 Position Rest.      Potential    Kinetic En.   Total Energy  Conserved En.
    4.32004e+02   -5.24645e+05    8.54356e+04   -4.39210e+05   -4.36474e+05
    Temperature Pres. DC (bar) Pressure (bar)   Constr. rmsd
    2.98890e+02   -2.25976e+02    2.31981e+02    2.79176e-06


DD  step 18499 load imb.: force 14.1%  pme mesh/force 0.929
           Step           Time
          18500       37.00000

   Energies (kJ/mol)
           Bond          Angle    Proper Dih. Ryckaert-Bell.          LJ-14
    1.40054e+03    3.76643e+03    2.65436e+02    1.77744e+03    2.68433e+03
     Coulomb-14        LJ (SR)  Disper. corr.   Coulomb (SR)   Coul. recip.
    7.76925e+03    9.28901e+04   -4.58009e+03   -6.34825e+05    2.91282e+03
 Position Rest.      Potential    Kinetic En.   Total Energy  Conserved En.
    4.78742e+02   -5.25460e+05    8.60045e+04   -4.39456e+05   -4.36488e+05
    Temperature Pres. DC (bar) Pressure (bar)   Constr. rmsd
    3.00880e+02   -2.27532e+02   -1.53540e+01    3.25191e-06


DD  step 18999 load imb.: force 13.4%  pme mesh/force 0.918
           Step           Time
          19000       38.00000

   Energies (kJ/mol)
           Bond          Angle    Proper Dih. Ryckaert-Bell.          LJ-14
    1.54634e+03    3.66277e+03    2.63327e+02    1.86136e+03    2.61191e+03
     Coulomb-14        LJ (SR)  Disper. corr.   Coulomb (SR)   Coul. recip.
    7.72016e+03    9.30638e+04   -4.57477e+03   -6.35024e+05    2.99030e+03
 Position Rest.      Potential    Kinetic En.   Total Energy  Conserved En.
    4.67365e+02   -5.25411e+05    8.58132e+04   -4.39598e+05   -4.36476e+05
    Temperature Pres. DC (bar) Pressure (bar)   Constr. rmsd
    3.00211e+02   -2.27004e+02   -1.80698e+02    2.77385e-06


DD  step 19499 load imb.: force 13.5%  pme mesh/force 0.917
           Step           Time
          19500       39.00000

   Energies (kJ/mol)
           Bond          Angle    Proper Dih. Ryckaert-Bell.          LJ-14
    1.47244e+03    3.59715e+03    2.20978e+02    1.67778e+03    2.75016e+03
     Coulomb-14        LJ (SR)  Disper. corr.   Coulomb (SR)   Coul. recip.
    7.83430e+03    9.53015e+04   -4.56827e+03   -6.37180e+05    2.93276e+03
 Position Rest.      Potential    Kinetic En.   Total Energy  Conserved En.
    4.38284e+02   -5.25523e+05    8.46553e+04   -4.40867e+05   -4.36455e+05
    Temperature Pres. DC (bar) Pressure (bar)   Constr. rmsd
    2.96160e+02   -2.26361e+02    2.80873e+02    2.52871e-06


DD  step 19999 load imb.: force 14.1%  pme mesh/force 0.933

step 20000 Will no longer try dynamic load balancing, as it degraded performance.
           Step           Time
          20000       40.00000

   Energies (kJ/mol)
           Bond          Angle    Proper Dih. Ryckaert-Bell.          LJ-14
    1.53296e+03    3.72320e+03    2.78060e+02    1.74253e+03    2.61501e+03
     Coulomb-14        LJ (SR)  Disper. corr.   Coulomb (SR)   Coul. recip.
    7.72480e+03    9.33909e+04   -4.56201e+03   -6.34982e+05    2.96283e+03
 Position Rest.      Potential    Kinetic En.   Total Energy  Conserved En.
    5.21403e+02   -5.25052e+05    8.54955e+04   -4.39557e+05   -4.36463e+05
    Temperature Pres. DC (bar) Pressure (bar)   Constr. rmsd
    2.99100e+02   -2.25742e+02   -1.03641e+02    2.69572e-06


DD  step 20499 load imb.: force 14.1%  pme mesh/force 0.935
           Step           Time
          20500       41.00000

   Energies (kJ/mol)
           Bond          Angle    Proper Dih. Ryckaert-Bell.          LJ-14
    1.52970e+03    3.95692e+03    2.37743e+02    1.85669e+03    2.67697e+03
     Coulomb-14        LJ (SR)  Disper. corr.   Coulomb (SR)   Coul. recip.
    7.77742e+03    9.23903e+04   -4.55864e+03   -6.32036e+05    2.95918e+03
 Position Rest.      Potential    Kinetic En.   Total Energy  Conserved En.
    4.27090e+02   -5.22782e+05    8.69198e+04   -4.35863e+05   -4.36450e+05
    Temperature Pres. DC (bar) Pressure (bar)   Constr. rmsd
    3.04082e+02   -2.25408e+02   -8.54859e+01    3.04462e-06


DD  step 20999 load imb.: force 13.3%  pme mesh/force 0.921
           Step           Time
          21000       42.00000

   Energies (kJ/mol)
           Bond          Angle    Proper Dih. Ryckaert-Bell.          LJ-14
    1.45084e+03    3.58898e+03    2.47561e+02    1.84926e+03    2.68248e+03
     Coulomb-14        LJ (SR)  Disper. corr.   Coulomb (SR)   Coul. recip.
    7.70271e+03    9.27556e+04   -4.57146e+03   -6.34396e+05    2.89420e+03
 Position Rest.      Potential    Kinetic En.   Total Energy  Conserved En.
    5.13765e+02   -5.25282e+05    8.61400e+04   -4.39142e+05   -4.36478e+05
    Temperature Pres. DC (bar) Pressure (bar)   Constr. rmsd
    3.01354e+02   -2.26677e+02   -2.15077e+01    2.71897e-06


DD  step 21499 load imb.: force 13.8%  pme mesh/force 0.925
           Step           Time
          21500       43.00000

   Energies (kJ/mol)
           Bond          Angle    Proper Dih. Ryckaert-Bell.          LJ-14
    1.39777e+03    3.53880e+03    2.36252e+02    1.78337e+03    2.74636e+03
     Coulomb-14        LJ (SR)  Disper. corr.   Coulomb (SR)   Coul. recip.
    7.76207e+03    9.37546e+04   -4.56736e+03   -6.33969e+05    2.94413e+03
 Position Rest.      Potential    Kinetic En.   Total Energy  Conserved En.
    4.39020e+02   -5.23934e+05    8.49202e+04   -4.39014e+05   -4.36478e+05
    Temperature Pres. DC (bar) Pressure (bar)   Constr. rmsd
    2.97087e+02   -2.26271e+02    5.94384e+01    2.56871e-06


DD  step 21999 load imb.: force 13.3%  pme mesh/force 0.922
           Step           Time
          22000       44.00000

   Energies (kJ/mol)
           Bond          Angle    Proper Dih. Ryckaert-Bell.          LJ-14
    1.39128e+03    3.83865e+03    2.61619e+02    1.78776e+03    2.63139e+03
     Coulomb-14        LJ (SR)  Disper. corr.   Coulomb (SR)   Coul. recip.
    7.73702e+03    9.39774e+04   -4.55040e+03   -6.34830e+05    2.88203e+03
 Position Rest.      Potential    Kinetic En.   Total Energy  Conserved En.
    4.26759e+02   -5.24446e+05    8.55269e+04   -4.38919e+05   -4.36480e+05
    Temperature Pres. DC (bar) Pressure (bar)   Constr. rmsd
    2.99209e+02   -2.24596e+02    5.94183e+01    3.00122e-06


DD  step 22499 load imb.: force 14.2%  pme mesh/force 0.914
           Step           Time
          22500       45.00000

   Energies (kJ/mol)
           Bond          Angle    Proper Dih. Ryckaert-Bell.          LJ-14
    1.41283e+03    3.81242e+03    2.59642e+02    1.81872e+03    2.71410e+03
     Coulomb-14        LJ (SR)  Disper. corr.   Coulomb (SR)   Coul. recip.
    7.75418e+03    9.24581e+04   -4.55490e+03   -6.31669e+05    2.94464e+03
 Position Rest.      Potential    Kinetic En.   Total Energy  Conserved En.
    4.76380e+02   -5.22573e+05    8.62801e+04   -4.36293e+05   -4.36469e+05
    Temperature Pres. DC (bar) Pressure (bar)   Constr. rmsd
    3.01844e+02   -2.25039e+02   -3.67986e+01    2.84339e-06


DD  step 22999 load imb.: force 14.3%  pme mesh/force 0.921
           Step           Time
          23000       46.00000

   Energies (kJ/mol)
           Bond          Angle    Proper Dih. Ryckaert-Bell.          LJ-14
    1.48686e+03    3.62759e+03    2.67802e+02    1.80045e+03    2.69653e+03
     Coulomb-14        LJ (SR)  Disper. corr.   Coulomb (SR)   Coul. recip.
    7.76659e+03    9.44843e+04   -4.57884e+03   -6.35882e+05    2.89737e+03
 Position Rest.      Potential    Kinetic En.   Total Energy  Conserved En.
    4.56602e+02   -5.24976e+05    8.56234e+04   -4.39353e+05   -4.36460e+05
    Temperature Pres. DC (bar) Pressure (bar)   Constr. rmsd
    2.99547e+02   -2.27409e+02    1.21149e+02    3.15730e-06


DD  step 23499 load imb.: force 14.0%  pme mesh/force 0.925
           Step           Time
          23500       47.00000

   Energies (kJ/mol)
           Bond          Angle    Proper Dih. Ryckaert-Bell.          LJ-14
    1.54319e+03    3.59797e+03    2.52823e+02    1.81583e+03    2.64892e+03
     Coulomb-14        LJ (SR)  Disper. corr.   Coulomb (SR)   Coul. recip.
    7.73084e+03    9.34422e+04   -4.56564e+03   -6.34562e+05    2.98136e+03
 Position Rest.      Potential    Kinetic En.   Total Energy  Conserved En.
    5.03514e+02   -5.24610e+05    8.55890e+04   -4.39022e+05   -4.36450e+05
    Temperature Pres. DC (bar) Pressure (bar)   Constr. rmsd
    2.99427e+02   -2.26101e+02   -3.63544e+01    2.78169e-06


DD  step 23999 load imb.: force 13.5%  pme mesh/force 0.930
           Step           Time
          24000       48.00000

   Energies (kJ/mol)
           Bond          Angle    Proper Dih. Ryckaert-Bell.          LJ-14
    1.42637e+03    3.73503e+03    2.55026e+02    1.79307e+03    2.68343e+03
     Coulomb-14        LJ (SR)  Disper. corr.   Coulomb (SR)   Coul. recip.
    7.80093e+03    9.42294e+04   -4.55149e+03   -6.35508e+05    2.97372e+03
 Position Rest.      Potential    Kinetic En.   Total Energy  Conserved En.
    4.56937e+02   -5.24705e+05    8.56115e+04   -4.39094e+05   -4.36446e+05
    Temperature Pres. DC (bar) Pressure (bar)   Constr. rmsd
    2.99505e+02   -2.24703e+02    4.59363e+01    2.80203e-06


DD  step 24499 load imb.: force 13.9%  pme mesh/force 0.932
           Step           Time
          24500       49.00000

   Energies (kJ/mol)
           Bond          Angle    Proper Dih. Ryckaert-Bell.          LJ-14
    1.46262e+03    3.74174e+03    2.42685e+02    1.82319e+03    2.74729e+03
     Coulomb-14        LJ (SR)  Disper. corr.   Coulomb (SR)   Coul. recip.
    7.88713e+03    9.40994e+04   -4.55243e+03   -6.34534e+05    3.00303e+03
 Position Rest.      Potential    Kinetic En.   Total Energy  Conserved En.
    4.73353e+02   -5.23606e+05    8.52546e+04   -4.38352e+05   -4.36421e+05
    Temperature Pres. DC (bar) Pressure (bar)   Constr. rmsd
    2.98257e+02   -2.24795e+02    2.47684e+02    2.56272e-06


DD  step 24999 load imb.: force 13.1%  pme mesh/force 0.922
           Step           Time
          25000       50.00000

   Energies (kJ/mol)
           Bond          Angle    Proper Dih. Ryckaert-Bell.          LJ-14
    1.36088e+03    3.63222e+03    2.04201e+02    1.79789e+03    2.67512e+03
     Coulomb-14        LJ (SR)  Disper. corr.   Coulomb (SR)   Coul. recip.
    7.74891e+03    9.33198e+04   -4.55952e+03   -6.35038e+05    2.89636e+03
 Position Rest.      Potential    Kinetic En.   Total Energy  Conserved En.
    4.72588e+02   -5.25489e+05    8.64888e+04   -4.39001e+05   -4.36450e+05
    Temperature Pres. DC (bar) Pressure (bar)   Constr. rmsd
    3.02574e+02   -2.25495e+02   -2.10527e+02    2.77496e-06


DD  step 25499 load imb.: force 13.2%  pme mesh/force 0.939
           Step           Time
          25500       51.00000

   Energies (kJ/mol)
           Bond          Angle    Proper Dih. Ryckaert-Bell.          LJ-14
    1.43745e+03    3.79646e+03    2.21031e+02    1.80706e+03    2.63151e+03
     Coulomb-14        LJ (SR)  Disper. corr.   Coulomb (SR)   Coul. recip.
    7.69010e+03    9.23334e+04   -4.55464e+03   -6.33802e+05    3.00888e+03
 Position Rest.      Potential    Kinetic En.   Total Energy  Conserved En.
    4.64971e+02   -5.24966e+05    8.54697e+04   -4.39496e+05   -4.36445e+05
    Temperature Pres. DC (bar) Pressure (bar)   Constr. rmsd
    2.99009e+02   -2.25014e+02   -3.28364e+02    2.91839e-06


DD  step 25999 load imb.: force 11.7%  pme mesh/force 0.947
           Step           Time
          26000       52.00000

   Energies (kJ/mol)
           Bond          Angle    Proper Dih. Ryckaert-Bell.          LJ-14
    1.39109e+03    3.77048e+03    2.48580e+02    1.83551e+03    2.62951e+03
     Coulomb-14        LJ (SR)  Disper. corr.   Coulomb (SR)   Coul. recip.
    7.78278e+03    9.39953e+04   -4.56784e+03   -6.35359e+05    2.88920e+03
 Position Rest.      Potential    Kinetic En.   Total Energy  Conserved En.
    4.38329e+02   -5.24946e+05    8.60138e+04   -4.38933e+05   -4.36456e+05
    Temperature Pres. DC (bar) Pressure (bar)   Constr. rmsd
    3.00913e+02   -2.26318e+02    5.40748e+01    3.17534e-06


DD  step 26499 load imb.: force 11.6%  pme mesh/force 0.898
           Step           Time
          26500       53.00000

   Energies (kJ/mol)
           Bond          Angle    Proper Dih. Ryckaert-Bell.          LJ-14
    1.56762e+03    3.73735e+03    2.79991e+02    1.77350e+03    2.60466e+03
     Coulomb-14        LJ (SR)  Disper. corr.   Coulomb (SR)   Coul. recip.
    7.70762e+03    9.31281e+04   -4.57125e+03   -6.35046e+05    2.91881e+03
 Position Rest.      Potential    Kinetic En.   Total Energy  Conserved En.
    4.60742e+02   -5.25439e+05    8.52653e+04   -4.40174e+05   -4.36424e+05
    Temperature Pres. DC (bar) Pressure (bar)   Constr. rmsd
    2.98294e+02   -2.26656e+02   -2.30829e+02    2.88294e-06


DD  step 26999 load imb.: force 12.5%  pme mesh/force 0.935
           Step           Time
          27000       54.00000

   Energies (kJ/mol)
           Bond          Angle    Proper Dih. Ryckaert-Bell.          LJ-14
    1.40367e+03    3.68338e+03    2.54980e+02    1.83311e+03    2.67344e+03
     Coulomb-14        LJ (SR)  Disper. corr.   Coulomb (SR)   Coul. recip.
    7.76964e+03    9.34766e+04   -4.56277e+03   -6.35502e+05    2.90726e+03
 Position Rest.      Potential    Kinetic En.   Total Energy  Conserved En.
    4.64199e+02   -5.25598e+05    8.54987e+04   -4.40099e+05   -4.36427e+05
    Temperature Pres. DC (bar) Pressure (bar)   Constr. rmsd
    2.99111e+02   -2.25817e+02   -1.37350e+02    2.88251e-06


DD  step 27499 load imb.: force 13.4%  pme mesh/force 0.929
           Step           Time
          27500       55.00000

   Energies (kJ/mol)
           Bond          Angle    Proper Dih. Ryckaert-Bell.          LJ-14
    1.35980e+03    3.67465e+03    2.36751e+02    1.79042e+03    2.66990e+03
     Coulomb-14        LJ (SR)  Disper. corr.   Coulomb (SR)   Coul. recip.
    7.86367e+03    9.28192e+04   -4.55971e+03   -6.35061e+05    2.88446e+03
 Position Rest.      Potential    Kinetic En.   Total Energy  Conserved En.
    4.50752e+02   -5.25871e+05    8.57171e+04   -4.40154e+05   -4.36440e+05
    Temperature Pres. DC (bar) Pressure (bar)   Constr. rmsd
    2.99875e+02   -2.25514e+02   -2.60399e+02    3.00231e-06


DD  step 27999 load imb.: force 13.7%  pme mesh/force 0.940
           Step           Time
          28000       56.00000

   Energies (kJ/mol)
           Bond          Angle    Proper Dih. Ryckaert-Bell.          LJ-14
    1.37696e+03    3.72375e+03    2.25026e+02    1.76584e+03    2.67890e+03
     Coulomb-14        LJ (SR)  Disper. corr.   Coulomb (SR)   Coul. recip.
    7.74514e+03    9.40882e+04   -4.55823e+03   -6.34128e+05    2.93176e+03
 Position Rest.      Potential    Kinetic En.   Total Energy  Conserved En.
    4.65838e+02   -5.23684e+05    8.60665e+04   -4.37618e+05   -4.36436e+05
    Temperature Pres. DC (bar) Pressure (bar)   Constr. rmsd
    3.01097e+02   -2.25368e+02    8.19872e+01    2.96929e-06


DD  step 28499 load imb.: force 13.7%  pme mesh/force 0.921
           Step           Time
          28500       57.00000

   Energies (kJ/mol)
           Bond          Angle    Proper Dih. Ryckaert-Bell.          LJ-14
    1.45293e+03    3.66512e+03    2.64305e+02    1.83870e+03    2.69967e+03
     Coulomb-14        LJ (SR)  Disper. corr.   Coulomb (SR)   Coul. recip.
    7.68713e+03    9.27739e+04   -4.55390e+03   -6.32498e+05    2.88200e+03
 Position Rest.      Potential    Kinetic En.   Total Energy  Conserved En.
    4.10790e+02   -5.23378e+05    8.58657e+04   -4.37512e+05   -4.36431e+05
    Temperature Pres. DC (bar) Pressure (bar)   Constr. rmsd
    3.00395e+02   -2.24940e+02   -9.61894e+01    2.91231e-06


DD  step 28999 load imb.: force 13.7%  pme mesh/force 0.923
           Step           Time
          29000       58.00000

   Energies (kJ/mol)
           Bond          Angle    Proper Dih. Ryckaert-Bell.          LJ-14
    1.42891e+03    3.87047e+03    2.53657e+02    1.80323e+03    2.60042e+03
     Coulomb-14        LJ (SR)  Disper. corr.   Coulomb (SR)   Coul. recip.
    7.71590e+03    9.25108e+04   -4.57141e+03   -6.32790e+05    2.96766e+03
 Position Rest.      Potential    Kinetic En.   Total Energy  Conserved En.
    4.95325e+02   -5.23715e+05    8.51882e+04   -4.38526e+05   -4.36418e+05
    Temperature Pres. DC (bar) Pressure (bar)   Constr. rmsd
    2.98025e+02   -2.26672e+02   -9.67503e+01    3.02189e-06


DD  step 29499 load imb.: force 12.9%  pme mesh/force 0.927
           Step           Time
          29500       59.00000

   Energies (kJ/mol)
           Bond          Angle    Proper Dih. Ryckaert-Bell.          LJ-14
    1.40521e+03    3.64293e+03    2.45584e+02    1.74461e+03    2.66990e+03
     Coulomb-14        LJ (SR)  Disper. corr.   Coulomb (SR)   Coul. recip.
    7.68031e+03    9.41394e+04   -4.55942e+03   -6.36031e+05    2.92508e+03
 Position Rest.      Potential    Kinetic En.   Total Energy  Conserved En.
    4.99151e+02   -5.25638e+05    8.59002e+04   -4.39738e+05   -4.36432e+05
    Temperature Pres. DC (bar) Pressure (bar)   Constr. rmsd
    3.00515e+02   -2.25486e+02   -7.38288e+01    3.12460e-06


DD  step 29999 load imb.: force 14.0%  pme mesh/force 0.927
           Step           Time
          30000       60.00000

   Energies (kJ/mol)
           Bond          Angle    Proper Dih. Ryckaert-Bell.          LJ-14
    1.38862e+03    3.64426e+03    2.65538e+02    1.77627e+03    2.65293e+03
     Coulomb-14        LJ (SR)  Disper. corr.   Coulomb (SR)   Coul. recip.
    7.68128e+03    9.35037e+04   -4.54772e+03   -6.34989e+05    2.93041e+03
 Position Rest.      Potential    Kinetic En.   Total Energy  Conserved En.
    4.62457e+02   -5.25232e+05    8.62982e+04   -4.38934e+05   -4.36439e+05
    Temperature Pres. DC (bar) Pressure (bar)   Constr. rmsd
    3.01908e+02   -2.24331e+02   -1.32455e+02    2.92667e-06


DD  step 30499 load imb.: force 13.8%  pme mesh/force 0.916
           Step           Time
          30500       61.00000

   Energies (kJ/mol)
           Bond          Angle    Proper Dih. Ryckaert-Bell.          LJ-14
    1.45345e+03    3.67399e+03    2.70156e+02    1.85810e+03    2.77041e+03
     Coulomb-14        LJ (SR)  Disper. corr.   Coulomb (SR)   Coul. recip.
    7.84193e+03    9.44105e+04   -4.56862e+03   -6.34994e+05    2.92777e+03
 Position Rest.      Potential    Kinetic En.   Total Energy  Conserved En.
    4.35077e+02   -5.23921e+05    8.54795e+04   -4.38442e+05   -4.36395e+05
    Temperature Pres. DC (bar) Pressure (bar)   Constr. rmsd
    2.99044e+02   -2.26396e+02    2.41732e+02    2.83798e-06


DD  step 30999 load imb.: force 13.3%  pme mesh/force 0.908
           Step           Time
          31000       62.00000

   Energies (kJ/mol)
           Bond          Angle    Proper Dih. Ryckaert-Bell.          LJ-14
    1.41386e+03    3.73554e+03    2.51875e+02    1.79146e+03    2.64874e+03
     Coulomb-14        LJ (SR)  Disper. corr.   Coulomb (SR)   Coul. recip.
    7.70096e+03    9.44287e+04   -4.58558e+03   -6.36329e+05    2.87705e+03
 Position Rest.      Potential    Kinetic En.   Total Energy  Conserved En.
    5.05370e+02   -5.25561e+05    8.42377e+04   -4.41323e+05   -4.36373e+05
    Temperature Pres. DC (bar) Pressure (bar)   Constr. rmsd
    2.94699e+02   -2.28078e+02    1.95772e+02    2.74283e-06


DD  step 31499 load imb.: force 14.0%  pme mesh/force 0.926
           Step           Time
          31500       63.00000

   Energies (kJ/mol)
           Bond          Angle    Proper Dih. Ryckaert-Bell.          LJ-14
    1.37706e+03    3.70653e+03    2.09153e+02    1.78795e+03    2.77586e+03
     Coulomb-14        LJ (SR)  Disper. corr.   Coulomb (SR)   Coul. recip.
    7.76667e+03    9.36340e+04   -4.55520e+03   -6.35260e+05    2.90443e+03
 Position Rest.      Potential    Kinetic En.   Total Energy  Conserved En.
    4.66262e+02   -5.25188e+05    8.71624e+04   -4.38025e+05   -4.36409e+05
    Temperature Pres. DC (bar) Pressure (bar)   Constr. rmsd
    3.04931e+02   -2.25069e+02    9.59562e+01    3.03206e-06


DD  step 31999 load imb.: force 14.5%  pme mesh/force 0.935
           Step           Time
          32000       64.00000

   Energies (kJ/mol)
           Bond          Angle    Proper Dih. Ryckaert-Bell.          LJ-14
    1.39372e+03    3.76741e+03    2.56249e+02    1.80400e+03    2.70494e+03
     Coulomb-14        LJ (SR)  Disper. corr.   Coulomb (SR)   Coul. recip.
    7.71800e+03    9.42468e+04   -4.55382e+03   -6.34875e+05    2.90354e+03
 Position Rest.      Potential    Kinetic En.   Total Energy  Conserved En.
    4.78392e+02   -5.24156e+05    8.61130e+04   -4.38043e+05   -4.36406e+05
    Temperature Pres. DC (bar) Pressure (bar)   Constr. rmsd
    3.01260e+02   -2.24933e+02    1.37072e+02    2.68051e-06


DD  step 32499 load imb.: force 12.3%  pme mesh/force 0.930
           Step           Time
          32500       65.00000

   Energies (kJ/mol)
           Bond          Angle    Proper Dih. Ryckaert-Bell.          LJ-14
    1.50865e+03    3.76456e+03    2.36176e+02    1.82878e+03    2.67393e+03
     Coulomb-14        LJ (SR)  Disper. corr.   Coulomb (SR)   Coul. recip.
    7.79105e+03    9.38750e+04   -4.57509e+03   -6.34588e+05    2.88203e+03
 Position Rest.      Potential    Kinetic En.   Total Energy  Conserved En.
    4.88357e+02   -5.24115e+05    8.54401e+04   -4.38675e+05   -4.36376e+05
    Temperature Pres. DC (bar) Pressure (bar)   Constr. rmsd
    2.98906e+02   -2.27036e+02    2.44344e+01    2.73989e-06


DD  step 32999 load imb.: force 13.1%  pme mesh/force 0.938
           Step           Time
          33000       66.00000

   Energies (kJ/mol)
           Bond          Angle    Proper Dih. Ryckaert-Bell.          LJ-14
    1.40915e+03    3.72403e+03    2.22314e+02    1.80238e+03    2.68782e+03
     Coulomb-14        LJ (SR)  Disper. corr.   Coulomb (SR)   Coul. recip.
    7.81422e+03    9.44810e+04   -4.55745e+03   -6.35206e+05    3.00498e+03
 Position Rest.      Potential    Kinetic En.   Total Energy  Conserved En.
    5.17530e+02   -5.24100e+05    8.56711e+04   -4.38429e+05   -4.36380e+05
    Temperature Pres. DC (bar) Pressure (bar)   Constr. rmsd
    2.99714e+02   -2.25292e+02    1.49813e+02    2.61663e-06


DD  step 33499 load imb.: force 13.4%  pme mesh/force 0.930
           Step           Time
          33500       67.00000

   Energies (kJ/mol)
           Bond          Angle    Proper Dih. Ryckaert-Bell.          LJ-14
    1.43156e+03    3.70424e+03    2.57798e+02    1.83205e+03    2.65014e+03
     Coulomb-14        LJ (SR)  Disper. corr.   Coulomb (SR)   Coul. recip.
    7.87601e+03    9.32386e+04   -4.55870e+03   -6.33466e+05    2.90216e+03
 Position Rest.      Potential    Kinetic En.   Total Energy  Conserved En.
    5.08530e+02   -5.23624e+05    8.54964e+04   -4.38127e+05   -4.36385e+05
    Temperature Pres. DC (bar) Pressure (bar)   Constr. rmsd
    2.99103e+02   -2.25414e+02    5.09928e+01    2.84117e-06


DD  step 33999 load imb.: force 13.4%  pme mesh/force 0.922
           Step           Time
          34000       68.00000

   Energies (kJ/mol)
           Bond          Angle    Proper Dih. Ryckaert-Bell.          LJ-14
    1.47905e+03    3.63584e+03    2.43079e+02    1.82990e+03    2.71485e+03
     Coulomb-14        LJ (SR)  Disper. corr.   Coulomb (SR)   Coul. recip.
    7.76932e+03    9.42521e+04   -4.55176e+03   -6.35448e+05    3.00025e+03
 Position Rest.      Potential    Kinetic En.   Total Energy  Conserved En.
    4.51938e+02   -5.24623e+05    8.56196e+04   -4.39004e+05   -4.36384e+05
    Temperature Pres. DC (bar) Pressure (bar)   Constr. rmsd
    2.99534e+02   -2.24729e+02    7.73395e+01    3.05467e-06


DD  step 34499 load imb.: force 13.6%  pme mesh/force 0.925
           Step           Time
          34500       69.00000

   Energies (kJ/mol)
           Bond          Angle    Proper Dih. Ryckaert-Bell.          LJ-14
    1.43796e+03    3.98881e+03    2.18566e+02    1.90938e+03    2.69411e+03
     Coulomb-14        LJ (SR)  Disper. corr.   Coulomb (SR)   Coul. recip.
    7.81927e+03    9.40802e+04   -4.56658e+03   -6.34290e+05    2.94892e+03
 Position Rest.      Potential    Kinetic En.   Total Energy  Conserved En.
    4.58099e+02   -5.23301e+05    8.63982e+04   -4.36903e+05   -4.36384e+05
    Temperature Pres. DC (bar) Pressure (bar)   Constr. rmsd
    3.02258e+02   -2.26194e+02    3.52057e+02    3.24510e-06


DD  step 34999 load imb.: force 15.2%  pme mesh/force 0.944
           Step           Time
          35000       70.00000

   Energies (kJ/mol)
           Bond          Angle    Proper Dih. Ryckaert-Bell.          LJ-14
    1.45734e+03    3.58950e+03    2.34365e+02    1.79299e+03    2.67682e+03
     Coulomb-14        LJ (SR)  Disper. corr.   Coulomb (SR)   Coul. recip.
    7.77261e+03    9.23375e+04   -4.54537e+03   -6.32820e+05    2.88865e+03
 Position Rest.      Potential    Kinetic En.   Total Energy  Conserved En.
    4.68113e+02   -5.24147e+05    8.60139e+04   -4.38133e+05   -4.36394e+05
    Temperature Pres. DC (bar) Pressure (bar)   Constr. rmsd
    3.00913e+02   -2.24100e+02   -1.83695e+02    3.12863e-06


DD  step 35499 load imb.: force 13.4%  pme mesh/force 0.927
           Step           Time
          35500       71.00000

   Energies (kJ/mol)
           Bond          Angle    Proper Dih. Ryckaert-Bell.          LJ-14
    1.49135e+03    3.72553e+03    2.32709e+02    1.66977e+03    2.62919e+03
     Coulomb-14        LJ (SR)  Disper. corr.   Coulomb (SR)   Coul. recip.
    7.78951e+03    9.38507e+04   -4.56278e+03   -6.35869e+05    2.87771e+03
 Position Rest.      Potential    Kinetic En.   Total Energy  Conserved En.
    4.74004e+02   -5.25692e+05    8.56085e+04   -4.40083e+05   -4.36374e+05
    Temperature Pres. DC (bar) Pressure (bar)   Constr. rmsd
    2.99495e+02   -2.25818e+02   -1.60745e+02    2.66443e-06


DD  step 35999 load imb.: force 13.2%  pme mesh/force 0.931
           Step           Time
          36000       72.00000

   Energies (kJ/mol)
           Bond          Angle    Proper Dih. Ryckaert-Bell.          LJ-14
    1.41020e+03    3.70678e+03    2.45310e+02    1.80315e+03    2.67963e+03
     Coulomb-14        LJ (SR)  Disper. corr.   Coulomb (SR)   Coul. recip.
    7.81245e+03    9.33956e+04   -4.54536e+03   -6.34397e+05    3.02825e+03
 Position Rest.      Potential    Kinetic En.   Total Energy  Conserved En.
    4.74397e+02   -5.24386e+05    8.56868e+04   -4.38700e+05   -4.36361e+05
    Temperature Pres. DC (bar) Pressure (bar)   Constr. rmsd
    2.99769e+02   -2.24098e+02    7.60964e+01    3.02984e-06


DD  step 36499 load imb.: force 12.1%  pme mesh/force 0.946
           Step           Time
          36500       73.00000

   Energies (kJ/mol)
           Bond          Angle    Proper Dih. Ryckaert-Bell.          LJ-14
    1.59726e+03    3.87222e+03    2.27141e+02    1.80615e+03    2.63502e+03
     Coulomb-14        LJ (SR)  Disper. corr.   Coulomb (SR)   Coul. recip.
    7.79568e+03    9.25244e+04   -4.56268e+03   -6.32726e+05    2.89871e+03
 Position Rest.      Potential    Kinetic En.   Total Energy  Conserved En.
    4.80679e+02   -5.23452e+05    8.53611e+04   -4.38091e+05   -4.36357e+05
    Temperature Pres. DC (bar) Pressure (bar)   Constr. rmsd
    2.98629e+02   -2.25808e+02   -2.10113e+02    2.73233e-06


DD  step 36999 load imb.: force 13.7%  pme mesh/force 0.918
           Step           Time
          37000       74.00000

   Energies (kJ/mol)
           Bond          Angle    Proper Dih. Ryckaert-Bell.          LJ-14
    1.44075e+03    3.76389e+03    2.62570e+02    1.78546e+03    2.64143e+03
     Coulomb-14        LJ (SR)  Disper. corr.   Coulomb (SR)   Coul. recip.
    7.73680e+03    9.32073e+04   -4.55721e+03   -6.33953e+05    2.87389e+03
 Position Rest.      Potential    Kinetic En.   Total Energy  Conserved En.
    4.83857e+02   -5.24315e+05    8.66668e+04   -4.37648e+05   -4.36381e+05
    Temperature Pres. DC (bar) Pressure (bar)   Constr. rmsd
    3.03197e+02   -2.25268e+02    5.44935e+01    2.84407e-06


DD  step 37499 load imb.: force 13.7%  pme mesh/force 0.927
           Step           Time
          37500       75.00000

   Energies (kJ/mol)
           Bond          Angle    Proper Dih. Ryckaert-Bell.          LJ-14
    1.41963e+03    3.53328e+03    2.62615e+02    1.84458e+03    2.74866e+03
     Coulomb-14        LJ (SR)  Disper. corr.   Coulomb (SR)   Coul. recip.
    7.80993e+03    9.33283e+04   -4.57446e+03   -6.34035e+05    2.97884e+03
 Position Rest.      Potential    Kinetic En.   Total Energy  Conserved En.
    4.78146e+02   -5.24205e+05    8.50259e+04   -4.39179e+05   -4.36364e+05
    Temperature Pres. DC (bar) Pressure (bar)   Constr. rmsd
    2.97457e+02   -2.26974e+02    1.82399e+02    2.75698e-06


DD  step 37999 load imb.: force 12.7%  pme mesh/force 0.934
           Step           Time
          38000       76.00000

   Energies (kJ/mol)
           Bond          Angle    Proper Dih. Ryckaert-Bell.          LJ-14
    1.50354e+03    3.85855e+03    2.62225e+02    1.76346e+03    2.67420e+03
     Coulomb-14        LJ (SR)  Disper. corr.   Coulomb (SR)   Coul. recip.
    7.71551e+03    9.33647e+04   -4.54763e+03   -6.33780e+05    2.92244e+03
 Position Rest.      Potential    Kinetic En.   Total Energy  Conserved En.
    4.77861e+02   -5.23786e+05    8.53579e+04   -4.38428e+05   -4.36334e+05
    Temperature Pres. DC (bar) Pressure (bar)   Constr. rmsd
    2.98618e+02   -2.24323e+02    2.27168e+01    2.94364e-06


DD  step 38499 load imb.: force 11.7%  pme mesh/force 0.926
           Step           Time
          38500       77.00000

   Energies (kJ/mol)
           Bond          Angle    Proper Dih. Ryckaert-Bell.          LJ-14
    1.52103e+03    3.75360e+03    2.56265e+02    1.85839e+03    2.69090e+03
     Coulomb-14        LJ (SR)  Disper. corr.   Coulomb (SR)   Coul. recip.
    7.76061e+03    9.36145e+04   -4.57616e+03   -6.34000e+05    3.02033e+03
 Position Rest.      Potential    Kinetic En.   Total Energy  Conserved En.
    4.57203e+02   -5.23644e+05    8.54140e+04   -4.38230e+05   -4.36335e+05
    Temperature Pres. DC (bar) Pressure (bar)   Constr. rmsd
    2.98815e+02   -2.27142e+02    2.33943e+02    2.66747e-06


DD  step 38999 load imb.: force 12.2%  pme mesh/force 0.930
           Step           Time
          39000       78.00000

   Energies (kJ/mol)
           Bond          Angle    Proper Dih. Ryckaert-Bell.          LJ-14
    1.44105e+03    3.78389e+03    2.41531e+02    1.71844e+03    2.63538e+03
     Coulomb-14        LJ (SR)  Disper. corr.   Coulomb (SR)   Coul. recip.
    7.71417e+03    9.49732e+04   -4.57793e+03   -6.36059e+05    2.86265e+03
 Position Rest.      Potential    Kinetic En.   Total Energy  Conserved En.
    4.25441e+02   -5.24841e+05    8.62652e+04   -4.38576e+05   -4.36348e+05
    Temperature Pres. DC (bar) Pressure (bar)   Constr. rmsd
    3.01792e+02   -2.27318e+02    2.49383e+02    2.90246e-06


DD  step 39499 load imb.: force 14.4%  pme mesh/force 0.930
           Step           Time
          39500       79.00000

   Energies (kJ/mol)
           Bond          Angle    Proper Dih. Ryckaert-Bell.          LJ-14
    1.49960e+03    3.50230e+03    2.81127e+02    1.87380e+03    2.68178e+03
     Coulomb-14        LJ (SR)  Disper. corr.   Coulomb (SR)   Coul. recip.
    7.81770e+03    9.18179e+04   -4.55582e+03   -6.32412e+05    3.01288e+03
 Position Rest.      Potential    Kinetic En.   Total Energy  Conserved En.
    4.59862e+02   -5.24021e+05    8.47558e+04   -4.39265e+05   -4.36336e+05
    Temperature Pres. DC (bar) Pressure (bar)   Constr. rmsd
    2.96512e+02   -2.25130e+02   -2.25705e+02    2.54963e-06


DD  step 39999 load imb.: force 12.6%  pme mesh/force 0.917
           Step           Time
          40000       80.00000

   Energies (kJ/mol)
           Bond          Angle    Proper Dih. Ryckaert-Bell.          LJ-14
    1.49581e+03    3.90876e+03    2.52103e+02    1.74941e+03    2.63221e+03
     Coulomb-14        LJ (SR)  Disper. corr.   Coulomb (SR)   Coul. recip.
    7.71225e+03    9.28391e+04   -4.56589e+03   -6.33516e+05    2.91615e+03
 Position Rest.      Potential    Kinetic En.   Total Energy  Conserved En.
    4.42718e+02   -5.24134e+05    8.51023e+04   -4.39032e+05   -4.36319e+05
    Temperature Pres. DC (bar) Pressure (bar)   Constr. rmsd
    2.97724e+02   -2.26126e+02   -4.44004e+01    2.71046e-06


DD  step 40499 load imb.: force 12.3%  pme mesh/force 0.928
           Step           Time
          40500       81.00000

   Energies (kJ/mol)
           Bond          Angle    Proper Dih. Ryckaert-Bell.          LJ-14
    1.40049e+03    3.81024e+03    2.76628e+02    1.91520e+03    2.67337e+03
     Coulomb-14        LJ (SR)  Disper. corr.   Coulomb (SR)   Coul. recip.
    7.74241e+03    9.30500e+04   -4.55473e+03   -6.33521e+05    2.97802e+03
 Position Rest.      Potential    Kinetic En.   Total Energy  Conserved En.
    4.57846e+02   -5.23771e+05    8.50688e+04   -4.38702e+05   -4.36320e+05
    Temperature Pres. DC (bar) Pressure (bar)   Constr. rmsd
    2.97607e+02   -2.25022e+02    8.26909e+01    2.99269e-06


DD  step 40999 load imb.: force 12.8%  pme mesh/force 0.935
           Step           Time
          41000       82.00000

   Energies (kJ/mol)
           Bond          Angle    Proper Dih. Ryckaert-Bell.          LJ-14
    1.45002e+03    3.64970e+03    2.39860e+02    1.80098e+03    2.64152e+03
     Coulomb-14        LJ (SR)  Disper. corr.   Coulomb (SR)   Coul. recip.
    7.70689e+03    9.48281e+04   -4.56331e+03   -6.35796e+05    2.96607e+03
 Position Rest.      Potential    Kinetic En.   Total Energy  Conserved En.
    4.74364e+02   -5.24602e+05    8.55739e+04   -4.39028e+05   -4.36325e+05
    Temperature Pres. DC (bar) Pressure (bar)   Constr. rmsd
    2.99374e+02   -2.25870e+02    1.58191e+02    2.65050e-06


DD  step 41499 load imb.: force 13.6%  pme mesh/force 0.930
           Step           Time
          41500       83.00000

   Energies (kJ/mol)
           Bond          Angle    Proper Dih. Ryckaert-Bell.          LJ-14
    1.48547e+03    3.99911e+03    2.13595e+02    1.76267e+03    2.62326e+03
     Coulomb-14        LJ (SR)  Disper. corr.   Coulomb (SR)   Coul. recip.
    7.79724e+03    9.28443e+04   -4.55407e+03   -6.33759e+05    2.89515e+03
 Position Rest.      Potential    Kinetic En.   Total Energy  Conserved En.
    4.74714e+02   -5.24218e+05    8.65324e+04   -4.37685e+05   -4.36336e+05
    Temperature Pres. DC (bar) Pressure (bar)   Constr. rmsd
    3.02727e+02   -2.24958e+02   -1.33799e+02    3.31557e-06


DD  step 41999 load imb.: force 12.7%  pme mesh/force 0.924
           Step           Time
          42000       84.00000

   Energies (kJ/mol)
           Bond          Angle    Proper Dih. Ryckaert-Bell.          LJ-14
    1.45300e+03    3.55731e+03    2.68188e+02    1.85131e+03    2.67342e+03
     Coulomb-14        LJ (SR)  Disper. corr.   Coulomb (SR)   Coul. recip.
    7.63735e+03    9.24709e+04   -4.54439e+03   -6.33537e+05    2.91430e+03
 Position Rest.      Potential    Kinetic En.   Total Energy  Conserved En.
    4.48320e+02   -5.24807e+05    8.50674e+04   -4.39740e+05   -4.36327e+05
    Temperature Pres. DC (bar) Pressure (bar)   Constr. rmsd
    2.97602e+02   -2.24003e+02   -2.39237e+02    3.21665e-06


DD  step 42499 load imb.: force 13.3%  pme mesh/force 0.920
           Step           Time
          42500       85.00000

   Energies (kJ/mol)
           Bond          Angle    Proper Dih. Ryckaert-Bell.          LJ-14
    1.51109e+03    3.80090e+03    2.19042e+02    1.88709e+03    2.67424e+03
     Coulomb-14        LJ (SR)  Disper. corr.   Coulomb (SR)   Coul. recip.
    7.81569e+03    9.37715e+04   -4.55209e+03   -6.34596e+05    3.03426e+03
 Position Rest.      Potential    Kinetic En.   Total Energy  Conserved En.
    4.88836e+02   -5.23946e+05    8.62877e+04   -4.37658e+05   -4.36319e+05
    Temperature Pres. DC (bar) Pressure (bar)   Constr. rmsd
    3.01871e+02   -2.24762e+02   -8.64647e+00    2.65614e-06


DD  step 42999 load imb.: force 12.9%  pme mesh/force 0.915
           Step           Time
          43000       86.00000

   Energies (kJ/mol)
           Bond          Angle    Proper Dih. Ryckaert-Bell.          LJ-14
    1.53152e+03    3.70538e+03    2.02861e+02    1.82573e+03    2.59298e+03
     Coulomb-14        LJ (SR)  Disper. corr.   Coulomb (SR)   Coul. recip.
    7.67382e+03    9.36565e+04   -4.55873e+03   -6.33678e+05    2.89168e+03
 Position Rest.      Potential    Kinetic En.   Total Energy  Conserved En.
    4.87636e+02   -5.23668e+05    8.46998e+04   -4.38968e+05   -4.36297e+05
    Temperature Pres. DC (bar) Pressure (bar)   Constr. rmsd
    2.96316e+02   -2.25418e+02   -2.29082e+01    2.97226e-06


DD  step 43499 load imb.: force 11.8%  pme mesh/force 0.929
           Step           Time
          43500       87.00000

   Energies (kJ/mol)
           Bond          Angle    Proper Dih. Ryckaert-Bell.          LJ-14
    1.47637e+03    3.73662e+03    2.32048e+02    1.79789e+03    2.64649e+03
     Coulomb-14        LJ (SR)  Disper. corr.   Coulomb (SR)   Coul. recip.
    7.72908e+03    9.40203e+04   -4.58397e+03   -6.33848e+05    2.94947e+03
 Position Rest.      Potential    Kinetic En.   Total Energy  Conserved En.
    4.37262e+02   -5.23407e+05    8.63192e+04   -4.37088e+05   -4.36295e+05
    Temperature Pres. DC (bar) Pressure (bar)   Constr. rmsd
    3.01981e+02   -2.27918e+02    2.19896e+02    3.16091e-06


DD  step 43999 load imb.: force 12.8%  pme mesh/force 0.918
           Step           Time
          44000       88.00000

   Energies (kJ/mol)
           Bond          Angle    Proper Dih. Ryckaert-Bell.          LJ-14
    1.55583e+03    3.53375e+03    2.41156e+02    1.81671e+03    2.65072e+03
     Coulomb-14        LJ (SR)  Disper. corr.   Coulomb (SR)   Coul. recip.
    7.85544e+03    9.31326e+04   -4.57655e+03   -6.34480e+05    2.92138e+03
 Position Rest.      Potential    Kinetic En.   Total Energy  Conserved En.
    4.80882e+02   -5.24868e+05    8.56422e+04   -4.39226e+05   -4.36299e+05
    Temperature Pres. DC (bar) Pressure (bar)   Constr. rmsd
    2.99613e+02   -2.27181e+02   -1.73754e+02    2.91978e-06


DD  step 44499 load imb.: force 12.4%  pme mesh/force 0.929
           Step           Time
          44500       89.00000

   Energies (kJ/mol)
           Bond          Angle    Proper Dih. Ryckaert-Bell.          LJ-14
    1.51536e+03    3.57928e+03    2.28496e+02    1.76736e+03    2.67234e+03
     Coulomb-14        LJ (SR)  Disper. corr.   Coulomb (SR)   Coul. recip.
    7.73567e+03    9.31227e+04   -4.55446e+03   -6.34149e+05    3.02752e+03
 Position Rest.      Potential    Kinetic En.   Total Energy  Conserved En.
    4.42414e+02   -5.24612e+05    8.52060e+04   -4.39406e+05   -4.36290e+05
    Temperature Pres. DC (bar) Pressure (bar)   Constr. rmsd
    2.98087e+02   -2.24996e+02   -2.26350e+02    2.85336e-06


DD  step 44999 load imb.: force 12.6%  pme mesh/force 0.939
           Step           Time
          45000       90.00000

   Energies (kJ/mol)
           Bond          Angle    Proper Dih. Ryckaert-Bell.          LJ-14
    1.71350e+03    3.64907e+03    2.37964e+02    1.79782e+03    2.64977e+03
     Coulomb-14        LJ (SR)  Disper. corr.   Coulomb (SR)   Coul. recip.
    7.74432e+03    9.35906e+04   -4.55307e+03   -6.34427e+05    2.91462e+03
 Position Rest.      Potential    Kinetic En.   Total Energy  Conserved En.
    4.68915e+02   -5.24214e+05    8.63850e+04   -4.37829e+05   -4.36302e+05
    Temperature Pres. DC (bar) Pressure (bar)   Constr. rmsd
    3.02211e+02   -2.24859e+02   -1.21082e+02    2.55725e-06


DD  step 45499 load imb.: force 11.9%  pme mesh/force 0.926
           Step           Time
          45500       91.00000

   Energies (kJ/mol)
           Bond          Angle    Proper Dih. Ryckaert-Bell.          LJ-14
    1.56398e+03    3.81729e+03    2.32337e+02    1.89690e+03    2.67414e+03
     Coulomb-14        LJ (SR)  Disper. corr.   Coulomb (SR)   Coul. recip.
    7.79043e+03    9.18134e+04   -4.56960e+03   -6.32790e+05    2.97780e+03
 Position Rest.      Potential    Kinetic En.   Total Energy  Conserved En.
    4.57892e+02   -5.24136e+05    8.62955e+04   -4.37840e+05   -4.36288e+05
    Temperature Pres. DC (bar) Pressure (bar)   Constr. rmsd
    3.01898e+02   -2.26493e+02   -2.13706e+02    3.01858e-06


DD  step 45999 load imb.: force 12.7%  pme mesh/force 0.930
           Step           Time
          46000       92.00000

   Energies (kJ/mol)
           Bond          Angle    Proper Dih. Ryckaert-Bell.          LJ-14
    1.50892e+03    3.68579e+03    2.78967e+02    1.87935e+03    2.67766e+03
     Coulomb-14        LJ (SR)  Disper. corr.   Coulomb (SR)   Coul. recip.
    7.74717e+03    9.36523e+04   -4.56747e+03   -6.35479e+05    2.95540e+03
 Position Rest.      Potential    Kinetic En.   Total Energy  Conserved En.
    4.73704e+02   -5.25187e+05    8.55686e+04   -4.39618e+05   -4.36298e+05
    Temperature Pres. DC (bar) Pressure (bar)   Constr. rmsd
    2.99355e+02   -2.26281e+02    9.09688e+01    2.56302e-06


DD  step 46499 load imb.: force 11.2%  pme mesh/force 0.945
           Step           Time
          46500       93.00000

   Energies (kJ/mol)
           Bond          Angle    Proper Dih. Ryckaert-Bell.          LJ-14
    1.55478e+03    3.75990e+03    2.77986e+02    1.82289e+03    2.69426e+03
     Coulomb-14        LJ (SR)  Disper. corr.   Coulomb (SR)   Coul. recip.
    7.71945e+03    9.33648e+04   -4.56671e+03   -6.32591e+05    2.97381e+03
 Position Rest.      Potential    Kinetic En.   Total Energy  Conserved En.
    4.22360e+02   -5.22567e+05    8.64086e+04   -4.36159e+05   -4.36294e+05
    Temperature Pres. DC (bar) Pressure (bar)   Constr. rmsd
    3.02294e+02   -2.26206e+02    1.54900e+02    2.96907e-06


DD  step 46999 load imb.: force 13.6%  pme mesh/force 0.919
           Step           Time
          47000       94.00000

   Energies (kJ/mol)
           Bond          Angle    Proper Dih. Ryckaert-Bell.          LJ-14
    1.40417e+03    3.73395e+03    2.12872e+02    1.85118e+03    2.67275e+03
     Coulomb-14        LJ (SR)  Disper. corr.   Coulomb (SR)   Coul. recip.
    7.83185e+03    9.39973e+04   -4.57247e+03   -6.34601e+05    3.09011e+03
 Position Rest.      Potential    Kinetic En.   Total Energy  Conserved En.
    4.62019e+02   -5.23917e+05    8.60426e+04   -4.37874e+05   -4.36323e+05
    Temperature Pres. DC (bar) Pressure (bar)   Constr. rmsd
    3.01014e+02   -2.26777e+02    1.94663e+02    2.96393e-06


DD  step 47499 load imb.: force 12.9%  pme mesh/force 0.920
           Step           Time
          47500       95.00000

   Energies (kJ/mol)
           Bond          Angle    Proper Dih. Ryckaert-Bell.          LJ-14
    1.46930e+03    3.62989e+03    2.48624e+02    1.79772e+03    2.72161e+03
     Coulomb-14        LJ (SR)  Disper. corr.   Coulomb (SR)   Coul. recip.
    7.77636e+03    9.32440e+04   -4.56227e+03   -6.34235e+05    2.88221e+03
 Position Rest.      Potential    Kinetic En.   Total Energy  Conserved En.
    5.00884e+02   -5.24527e+05    8.55882e+04   -4.38939e+05   -4.36297e+05
    Temperature Pres. DC (bar) Pressure (bar)   Constr. rmsd
    2.99424e+02   -2.25767e+02   -4.68965e+01    3.05538e-06


DD  step 47999 load imb.: force 13.6%  pme mesh/force 0.927
           Step           Time
          48000       96.00000

   Energies (kJ/mol)
           Bond          Angle    Proper Dih. Ryckaert-Bell.          LJ-14
    1.46709e+03    3.60799e+03    2.78955e+02    1.89508e+03    2.67004e+03
     Coulomb-14        LJ (SR)  Disper. corr.   Coulomb (SR)   Coul. recip.
    7.72793e+03    9.41172e+04   -4.56857e+03   -6.34341e+05    2.95790e+03
 Position Rest.      Potential    Kinetic En.   Total Energy  Conserved En.
    4.76447e+02   -5.23711e+05    8.56654e+04   -4.38045e+05   -4.36294e+05
    Temperature Pres. DC (bar) Pressure (bar)   Constr. rmsd
    2.99694e+02   -2.26391e+02    7.36469e+01    2.97335e-06


DD  step 48499 load imb.: force 14.0%  pme mesh/force 0.930
           Step           Time
          48500       97.00000

   Energies (kJ/mol)
           Bond          Angle    Proper Dih. Ryckaert-Bell.          LJ-14
    1.38646e+03    3.61284e+03    2.68120e+02    1.80863e+03    2.68285e+03
     Coulomb-14        LJ (SR)  Disper. corr.   Coulomb (SR)   Coul. recip.
    7.69990e+03    9.35261e+04   -4.56344e+03   -6.34359e+05    2.86094e+03
 Position Rest.      Potential    Kinetic En.   Total Energy  Conserved En.
    4.33795e+02   -5.24643e+05    8.52593e+04   -4.39384e+05   -4.36287e+05
    Temperature Pres. DC (bar) Pressure (bar)   Constr. rmsd
    2.98273e+02   -2.25883e+02    6.91271e+01    2.47575e-06


DD  step 48999 load imb.: force 12.3%  pme mesh/force 0.921
           Step           Time
          49000       98.00000

   Energies (kJ/mol)
           Bond          Angle    Proper Dih. Ryckaert-Bell.          LJ-14
    1.47540e+03    3.68110e+03    2.63375e+02    1.80812e+03    2.68805e+03
     Coulomb-14        LJ (SR)  Disper. corr.   Coulomb (SR)   Coul. recip.
    7.66994e+03    9.38736e+04   -4.57470e+03   -6.34335e+05    2.86383e+03
 Position Rest.      Potential    Kinetic En.   Total Energy  Conserved En.
    5.00490e+02   -5.24086e+05    8.59511e+04   -4.38135e+05   -4.36284e+05
    Temperature Pres. DC (bar) Pressure (bar)   Constr. rmsd
    3.00693e+02   -2.26997e+02    1.46574e+02    2.67815e-06


DD  step 49499 load imb.: force 14.1%  pme mesh/force 0.924
           Step           Time
          49500       99.00000

   Energies (kJ/mol)
           Bond          Angle    Proper Dih. Ryckaert-Bell.          LJ-14
    1.59394e+03    3.75307e+03    2.61546e+02    1.73841e+03    2.69868e+03
     Coulomb-14        LJ (SR)  Disper. corr.   Coulomb (SR)   Coul. recip.
    7.71661e+03    9.27971e+04   -4.54360e+03   -6.32794e+05    2.96827e+03
 Position Rest.      Potential    Kinetic En.   Total Energy  Conserved En.
    4.78764e+02   -5.23332e+05    8.60940e+04   -4.37238e+05   -4.36272e+05
    Temperature Pres. DC (bar) Pressure (bar)   Constr. rmsd
    3.01193e+02   -2.23926e+02   -5.55229e+01    3.10052e-06


DD  step 49999 load imb.: force 12.7%  pme mesh/force 0.914
           Step           Time
          50000      100.00000

Writing checkpoint, step 50000 at Tue Oct 11 20:42:07 2022


   Energies (kJ/mol)
           Bond          Angle    Proper Dih. Ryckaert-Bell.          LJ-14
    1.35082e+03    3.59855e+03    2.57037e+02    1.82922e+03    2.61154e+03
     Coulomb-14        LJ (SR)  Disper. corr.   Coulomb (SR)   Coul. recip.
    7.70988e+03    9.46905e+04   -4.56812e+03   -6.36111e+05    2.89422e+03
 Position Rest.      Potential    Kinetic En.   Total Energy  Conserved En.
    4.34095e+02   -5.25303e+05    8.52039e+04   -4.40099e+05   -4.36299e+05
    Temperature Pres. DC (bar) Pressure (bar)   Constr. rmsd
    2.98079e+02   -2.26346e+02    2.53255e+02    2.56811e-06


	<======  ###############  ==>
	<====  A V E R A G E S  ====>
	<==  ###############  ======>

	Statistics over 50001 steps using 501 frames

   Energies (kJ/mol)
           Bond          Angle    Proper Dih. Ryckaert-Bell.          LJ-14
    1.45956e+03    3.71221e+03    2.46902e+02    1.81077e+03    2.67411e+03
     Coulomb-14        LJ (SR)  Disper. corr.   Coulomb (SR)   Coul. recip.
    7.75070e+03    9.35200e+04   -4.55965e+03   -6.34443e+05    2.94164e+03
 Position Rest.      Potential    Kinetic En.   Total Energy  Conserved En.
    4.63367e+02   -5.24424e+05    8.57508e+04   -4.38673e+05   -4.36434e+05
    Temperature Pres. DC (bar) Pressure (bar)   Constr. rmsd
    2.99993e+02   -2.25511e+02    3.58601e+00    0.00000e+00

          Box-X          Box-Y          Box-Z
    6.95309e+00    6.95309e+00    6.95309e+00

   Total Virial (kJ/mol)
    2.85048e+04   -1.06652e+02   -1.24231e+02
   -1.06951e+02    2.85679e+04    2.20768e+02
   -1.24752e+02    2.20334e+02    2.85749e+04

   Pressure (bar)
    8.34197e+00    1.12176e+01    1.26011e+01
    1.12474e+01    6.13802e-01   -2.23037e+01
    1.26527e+01   -2.22609e+01    1.80224e+00

      T-Protein  T-non-Protein
    3.00276e+02    2.99971e+02


	M E G A - F L O P S   A C C O U N T I N G

 NB=Group-cutoff nonbonded kernels    NxN=N-by-N cluster Verlet kernels
 RF=Reaction-Field  VdW=Van der Waals  QSTab=quadratic-spline table
 W3=SPC/TIP3p  W4=TIP4p (single or pairs)
 V&F=Potential and force  V=Potential only  F=Force only

 Computing:                               M-Number         M-Flops  % Flops
-----------------------------------------------------------------------------
 Pair Search distance check           15417.467924      138757.211     0.2
 NxN Ewald Elec. + LJ [F]            551779.377616    36417438.923    51.9
 NxN Ewald Elec. + LJ [V&F]            5584.496688      597541.146     0.9
 NxN Ewald Elec. [F]                 492418.125136    30037505.633    42.8
 NxN Ewald Elec. [V&F]                 4983.615344      418623.689     0.6
 1,4 nonbonded interactions             255.305106       22977.460     0.0
 Calc Weights                          5081.501628      182934.059     0.3
 Spread Q Bspline                    108405.368064      216810.736     0.3
 Gather F Bspline                    108405.368064      650432.208     0.9
 3D-FFT                              139519.590336     1116156.723     1.6
 Solve PME                              290.405808       18585.972     0.0
 Reset In Box                            33.808248         101.425     0.0
 CG-CoM                                  33.909876         101.730     0.0
 Bonds                                   51.251025        3023.810     0.0
 Angles                                 177.353547       29795.396     0.0
 Propers                                 21.300426        4877.798     0.0
 RB-Dihedrals                           197.503950       48783.476     0.1
 Pos. Restr.                             50.051001        2502.550     0.0
 Virial                                 177.515496        3195.279     0.0
 Stop-CM                                 16.971876         169.719     0.0
 Calc-Ekin                              338.827752        9148.349     0.0
 Lincs                                   47.950959        2877.058     0.0
 Lincs-Mat                              238.804776         955.219     0.0
 Constraint-V                          1691.333826       13530.671     0.0
 Constraint-Vir                         164.367867        3944.829     0.0
 Settle                                 531.810636      171774.835     0.2
-----------------------------------------------------------------------------
 Total                                                70112545.901   100.0
-----------------------------------------------------------------------------


    D O M A I N   D E C O M P O S I T I O N   S T A T I S T I C S

 av. #atoms communicated per step for force:  2 x 90144.3


Dynamic load balancing report:
 DLB got disabled because it was unsuitable to use.
 Average load imbalance: 14.7%.
 The balanceable part of the MD step is 71%, load imbalance is computed from this.
 Part of the total run time spent waiting due to load imbalance: 10.4%.
 Average PME mesh/force load: 0.961
 Part of the total run time spent waiting due to PP/PME imbalance: 0.8 %

NOTE: 10.4 % of the available CPU time was lost due to load imbalance
      in the domain decomposition.
      You might want to use dynamic load balancing (option -dlb.)
      You can also consider manually changing the decomposition (option -dd);
      e.g. by using fewer domains along the box dimension in which there is
      considerable inhomogeneity in the simulated system.

     R E A L   C Y C L E   A N D   T I M E   A C C O U N T I N G

On 36 MPI ranks doing PP, and
on 12 MPI ranks doing PME

 Computing:          Num   Num      Call    Wall time         Giga-Cycles
                     Ranks Threads  Count      (s)         total sum    %
-----------------------------------------------------------------------------
 Domain decomp.        36    1       1000       1.065        110.851   1.3
 DD comm. load         36    1        225       0.009          0.965   0.0
 DD comm. bounds       36    1        137       0.055          5.707   0.1
 Send X to PME         36    1      50001       1.876        195.379   2.3
 Neighbor search       36    1       1001       2.102        218.896   2.6
 Comm. coord.          36    1      49000       4.924        512.784   6.2
 Force                 36    1      50001      25.277       2632.207  31.6
 Wait + Comm. F        36    1      50001       6.332        659.397   7.9
 PME mesh *            12    1      50001      32.643       1133.085  13.6
 PME wait for PP *                             27.396        950.931  11.4
 Wait + Recv. PME F    36    1      50001       1.135        118.181   1.4
 NB X/F buffer ops.    36    1     148001       0.954         99.313   1.2
 Write traj.           36    1        101       0.387         40.338   0.5
 Update                36    1      50001       0.189         19.688   0.2
 Constraints           36    1      50001       0.588         61.215   0.7
 Comm. energies        36    1       5001      14.905       1552.112  18.6
 Rest                                           0.241         25.103   0.3
-----------------------------------------------------------------------------
 Total                                         60.040       8336.182 100.0
-----------------------------------------------------------------------------
(*) Note that with separate PME ranks, the walltime column actually sums to
    twice the total reported, but the cycle count total and % are correct.
-----------------------------------------------------------------------------
 Breakdown of PME mesh computation
-----------------------------------------------------------------------------
 PME redist. X/F       12    1     100002       9.989        346.737   4.2
 PME spread            12    1      50001       7.799        270.722   3.2
 PME gather            12    1      50001       6.361        220.797   2.6
 PME 3D-FFT            12    1     100002       5.797        201.213   2.4
 PME 3D-FFT Comm.      12    1     200004       2.235         77.583   0.9
 PME solve Elec        12    1      50001       0.415         14.408   0.2
-----------------------------------------------------------------------------

NOTE: 19 % of the run time was spent communicating energies,
      you might want to increase some nst* mdp options

               Core t (s)   Wall t (s)        (%)
       Time:     2881.297       60.040     4799.0
                 (ns/day)    (hour/ns)
Performance:      143.907        0.167
Finished mdrun on rank 0 Tue Oct 11 20:42:19 2022

